2012/11/13 15:15:40 CRITICAL - Suite starting at 2012-11-13 15:15:40.352851
2012/11/13 15:15:40 INFO - Log event clock: real time
2012/11/13 15:15:40 INFO - Run mode: live
2012/11/13 15:15:40 INFO - Start tag: 2010080800
2012/11/13 15:15:40 INFO - Stop tag: 2010080900
2012/11/13 15:15:40 INFO - Cold Start 2010080800
2012/11/13 15:15:40 INFO - [prep.2010080800] -job submitted
2012/11/13 15:15:40 INFO - [prep.2010080800] -triggered off []
2012/11/13 15:15:40 INFO - [prep.2010080800] -prep.2010080800 started
2012/11/13 15:15:43 INFO - [prep.2010080800] -prep.2010080800 succeeded
2012/11/13 15:15:43 INFO - [foo.2010080800] -job submitted
2012/11/13 15:15:43 INFO - [foo.2010080800] -triggered off ['prep.2010080800']
2012/11/13 15:15:43 INFO - [foo.2010080900] -job submitted
2012/11/13 15:15:43 INFO - [foo.2010080900] -triggered off []
2012/11/13 15:15:43 INFO - [foo.2010081000] -HOLDING (beyond suite stop cycle) 2010080900
2012/11/13 15:15:43 INFO - [foo.2010080800] -foo.2010080800 started
2012/11/13 15:15:43 INFO - [foo.2010080900] -foo.2010080900 started
2012/11/13 15:15:43 INFO - [foo.2010080800] -foo.2010080800 succeeded
2012/11/13 15:15:43 INFO - [m1.2010080800] -job submitted
2012/11/13 15:15:43 INFO - [m2.2010080800] -job submitted
2012/11/13 15:15:43 INFO - [m3.2010080800] -job submitted
2012/11/13 15:15:43 INFO - [m1.2010080800] -triggered off ['foo.2010080800']
2012/11/13 15:15:43 INFO - [m2.2010080800] -triggered off ['foo.2010080800']
2012/11/13 15:15:43 INFO - [m3.2010080800] -triggered off ['foo.2010080800']
2012/11/13 15:15:43 INFO - [foo.2010080900] -foo.2010080900 succeeded
2012/11/13 15:15:43 INFO - [m1.2010080900] -job submitted
2012/11/13 15:15:43 INFO - [m2.2010080900] -job submitted
2012/11/13 15:15:43 INFO - [m3.2010080900] -job submitted
2012/11/13 15:15:43 INFO - [m1.2010080900] -triggered off ['foo.2010080900']
2012/11/13 15:15:43 INFO - [m2.2010080900] -triggered off ['foo.2010080900']
2012/11/13 15:15:43 INFO - [m3.2010080900] -triggered off ['foo.2010080900']
2012/11/13 15:15:43 INFO - [m1.2010081000] -HOLDING (beyond suite stop cycle) 2010080900
2012/11/13 15:15:43 INFO - [m2.2010081000] -HOLDING (beyond suite stop cycle) 2010080900
2012/11/13 15:15:43 INFO - [m3.2010081000] -HOLDING (beyond suite stop cycle) 2010080900
2012/11/13 15:15:43 INFO - [m1.2010080800] -m1.2010080800 started
2012/11/13 15:15:44 INFO - [m3.2010080800] -m3.2010080800 started
2012/11/13 15:15:44 INFO - [m2.2010080800] -m2.2010080800 started
2012/11/13 15:15:44 INFO - [m1.2010080900] -m1.2010080900 started
2012/11/13 15:15:44 INFO - [m2.2010080900] -m2.2010080900 started
2012/11/13 15:15:44 INFO - [m3.2010080900] -m3.2010080900 started
2012/11/13 15:15:44 INFO - [m1.2010080800] -m1.2010080800 succeeded
2012/11/13 15:15:44 INFO - [m3.2010080800] -m3.2010080800 succeeded
2012/11/13 15:15:44 INFO - [m2.2010080800] -m2.2010080800 succeeded
2012/11/13 15:15:44 INFO - [bar.2010080800] -job submitted
2012/11/13 15:15:44 INFO - [bar.2010080800] -triggered off ['m1.2010080800', 'm2.2010080800', 'm3.2010080800']
2012/11/13 15:15:44 INFO - [m1.2010080900] -m1.2010080900 succeeded
2012/11/13 15:15:44 INFO - [m2.2010080900] -m2.2010080900 succeeded
2012/11/13 15:15:44 INFO - [m3.2010080900] -m3.2010080900 succeeded
2012/11/13 15:15:44 INFO - [bar.2010080900] -job submitted
2012/11/13 15:15:44 INFO - [bar.2010080900] -triggered off ['m1.2010080900', 'm2.2010080900', 'm3.2010080900']
2012/11/13 15:15:44 INFO - [bar.2010081000] -HOLDING (beyond suite stop cycle) 2010080900
2012/11/13 15:15:44 INFO - [bar.2010080800] -bar.2010080800 started
2012/11/13 15:15:45 INFO - [bar.2010080900] -bar.2010080900 started
2012/11/13 15:15:45 INFO - [bar.2010080800] -bar.2010080800 succeeded
2012/11/13 15:15:45 WARNING - Expiring 2010080800 broadcast settings now
2012/11/13 15:15:45 INFO - [bar.2010080900] -bar.2010080900 succeeded
2012/11/13 15:15:45 WARNING - ALL TASKS FINISHED OR HELD
2012/11/13 15:15:45 CRITICAL - Suite shutting down at 2012-11-13 15:15:45.325960
