This is pdfTeX, Version 3.14159265-2.6-1.40.18 (TeX Live 2017) (preloaded format=pdflatex 2018.12.17)  19 DEC 2018 17:13
entering extended mode
 restricted \write18 enabled.
 %&-line parsing enabled.
**document.tex
(./document.tex
LaTeX2e <2017-04-15>
Babel <3.9r> and hyphenation patterns for 3 language(s) loaded.
\@input{preamble.aux}
\openout2 = `preamble.aux'.

(./preamble.tex (/usr/share/texlive/texmf-dist/tex/latex/base/article.cls
Document Class: article 2014/09/29 v1.4h Standard LaTeX document class
(/usr/share/texlive/texmf-dist/tex/latex/base/size10.clo
File: size10.clo 2014/09/29 v1.4h Standard LaTeX file (size option)
)
\c@part=\count79
\c@section=\count80
\c@subsection=\count81
\c@subsubsection=\count82
\c@paragraph=\count83
\c@subparagraph=\count84
\c@figure=\count85
\c@table=\count86
\abovecaptionskip=\skip41
\belowcaptionskip=\skip42
\bibindent=\dimen102
)
(/usr/share/texlive/texmf-dist/tex/latex/geometry/geometry.sty
Package: geometry 2010/09/12 v5.6 Page Geometry

(/usr/share/texlive/texmf-dist/tex/latex/graphics/keyval.sty
Package: keyval 2014/10/28 v1.15 key=value parser (DPC)
\KV@toks@=\toks14
)
(/usr/share/texlive/texmf-dist/tex/generic/oberdiek/ifpdf.sty
Package: ifpdf 2017/03/15 v3.2 Provides the ifpdf switch
)
(/usr/share/texlive/texmf-dist/tex/generic/oberdiek/ifvtex.sty
Package: ifvtex 2016/05/16 v1.6 Detect VTeX and its facilities (HO)
Package ifvtex Info: VTeX not detected.
)
(/usr/share/texlive/texmf-dist/tex/generic/ifxetex/ifxetex.sty
Package: ifxetex 2010/09/12 v0.6 Provides ifxetex conditional
)
\Gm@cnth=\count87
\Gm@cntv=\count88
\c@Gm@tempcnt=\count89
\Gm@bindingoffset=\dimen103
\Gm@wd@mp=\dimen104
\Gm@odd@mp=\dimen105
\Gm@even@mp=\dimen106
\Gm@layoutwidth=\dimen107
\Gm@layoutheight=\dimen108
\Gm@layouthoffset=\dimen109
\Gm@layoutvoffset=\dimen110
\Gm@dimlist=\toks15
)
(/usr/share/texlive/texmf-dist/tex/latex/parskip/parskip.sty
Package: parskip 2001/04/09 non-zero parskip adjustments
)
(/usr/share/texlive/texmf-dist/tex/latex/graphics/color.sty
Package: color 2016/05/09 v1.1c Standard LaTeX Color (DPC)

(/usr/share/texlive/texmf-dist/tex/latex/graphics-cfg/color.cfg
File: color.cfg 2016/01/02 v1.6 sample color configuration
)
Package color Info: Driver file: pdftex.def on input line 144.

(/usr/share/texlive/texmf-dist/tex/latex/graphics-def/pdftex.def
File: pdftex.def 2016/07/10 v0.06j Graphics/color for pdfTeX

(/usr/share/texlive/texmf-dist/tex/generic/oberdiek/infwarerr.sty
Package: infwarerr 2016/05/16 v1.4 Providing info/warning/error messages (HO)
)
(/usr/share/texlive/texmf-dist/tex/generic/oberdiek/ltxcmds.sty
Package: ltxcmds 2016/05/16 v1.23 LaTeX kernel commands for general use (HO)
)
\Gread@gobject=\count90
))
(/usr/share/texlive/texmf-dist/tex/latex/graphics/graphicx.sty
Package: graphicx 2014/10/28 v1.0g Enhanced LaTeX Graphics (DPC,SPQR)

(/usr/share/texlive/texmf-dist/tex/latex/graphics/graphics.sty
Package: graphics 2016/05/09 v1.0r Standard LaTeX Graphics (DPC,SPQR)

(/usr/share/texlive/texmf-dist/tex/latex/graphics/trig.sty
Package: trig 2016/01/03 v1.10 sin cos tan (DPC)
)
(/usr/share/texlive/texmf-dist/tex/latex/graphics-cfg/graphics.cfg
File: graphics.cfg 2016/01/02 v1.10 sample graphics configuration
)
Package graphics Info: Driver file: pdftex.def on input line 96.
)
\Gin@req@height=\dimen111
\Gin@req@width=\dimen112
)
(/usr/share/texlive/texmf-dist/tex/latex/listings/listings.sty
\lst@mode=\count91
\lst@gtempboxa=\box26
\lst@token=\toks16
\lst@length=\count92
\lst@currlwidth=\dimen113
\lst@column=\count93
\lst@pos=\count94
\lst@lostspace=\dimen114
\lst@width=\dimen115
\lst@newlines=\count95
\lst@lineno=\count96
\lst@maxwidth=\dimen116

(/usr/share/texlive/texmf-dist/tex/latex/listings/lstmisc.sty
File: lstmisc.sty 2015/06/04 1.6 (Carsten Heinz)
\c@lstnumber=\count97
\lst@skipnumbers=\count98
\lst@framebox=\box27
)
(/usr/share/texlive/texmf-dist/tex/latex/listings/listings.cfg
File: listings.cfg 2015/06/04 1.6 listings configuration
))
Package: listings 2015/06/04 1.6 (Carsten Heinz)

(/usr/share/texlive/texmf-dist/tex/latex/psnfss/courier.sty
Package: courier 2005/04/12 PSNFSS-v9.2a (WaS) 
)
(/usr/share/texlive/texmf-dist/tex/latex/hyperref/hyperref.sty
Package: hyperref 2018/02/06 v6.86b Hypertext links for LaTeX

(/usr/share/texlive/texmf-dist/tex/generic/oberdiek/hobsub-hyperref.sty
Package: hobsub-hyperref 2016/05/16 v1.14 Bundle oberdiek, subset hyperref (HO)


(/usr/share/texlive/texmf-dist/tex/generic/oberdiek/hobsub-generic.sty
Package: hobsub-generic 2016/05/16 v1.14 Bundle oberdiek, subset generic (HO)
Package: hobsub 2016/05/16 v1.14 Construct package bundles (HO)
Package hobsub Info: Skipping package `infwarerr' (already loaded).
Package hobsub Info: Skipping package `ltxcmds' (already loaded).
Package: ifluatex 2016/05/16 v1.4 Provides the ifluatex switch (HO)
Package ifluatex Info: LuaTeX not detected.
Package hobsub Info: Skipping package `ifvtex' (already loaded).
Package: intcalc 2016/05/16 v1.2 Expandable calculations with integers (HO)
Package hobsub Info: Skipping package `ifpdf' (already loaded).
Package: etexcmds 2016/05/16 v1.6 Avoid name clashes with e-TeX commands (HO)
Package etexcmds Info: Could not find \expanded.
(etexcmds)             That can mean that you are not using pdfTeX 1.50 or
(etexcmds)             that some package has redefined \expanded.
(etexcmds)             In the latter case, load this package earlier.
Package: kvsetkeys 2016/05/16 v1.17 Key value parser (HO)
Package: kvdefinekeys 2016/05/16 v1.4 Define keys (HO)
Package: pdftexcmds 2017/03/19 v0.25 Utility functions of pdfTeX for LuaTeX (HO
)
Package pdftexcmds Info: LuaTeX not detected.
Package pdftexcmds Info: \pdf@primitive is available.
Package pdftexcmds Info: \pdf@ifprimitive is available.
Package pdftexcmds Info: \pdfdraftmode found.
Package: pdfescape 2016/05/16 v1.14 Implements pdfTeX's escape features (HO)
Package: bigintcalc 2016/05/16 v1.4 Expandable calculations on big integers (HO
)
Package: bitset 2016/05/16 v1.2 Handle bit-vector datatype (HO)
Package: uniquecounter 2016/05/16 v1.3 Provide unlimited unique counter (HO)
)
Package hobsub Info: Skipping package `hobsub' (already loaded).
Package: letltxmacro 2016/05/16 v1.5 Let assignment for LaTeX macros (HO)
Package: hopatch 2016/05/16 v1.3 Wrapper for package hooks (HO)
Package: xcolor-patch 2016/05/16 xcolor patch
Package: atveryend 2016/05/16 v1.9 Hooks at the very end of document (HO)
Package atveryend Info: \enddocument detected (standard20110627).
Package: atbegshi 2016/06/09 v1.18 At begin shipout hook (HO)
Package: refcount 2016/05/16 v3.5 Data extraction from label references (HO)
Package: hycolor 2016/05/16 v1.8 Color options for hyperref/bookmark (HO)
)
(/usr/share/texlive/texmf-dist/tex/latex/oberdiek/auxhook.sty
Package: auxhook 2016/05/16 v1.4 Hooks for auxiliary files (HO)
)
(/usr/share/texlive/texmf-dist/tex/latex/oberdiek/kvoptions.sty
Package: kvoptions 2016/05/16 v3.12 Key value format for package options (HO)
)
\@linkdim=\dimen117
\Hy@linkcounter=\count99
\Hy@pagecounter=\count100

(/usr/share/texlive/texmf-dist/tex/latex/hyperref/pd1enc.def
File: pd1enc.def 2018/02/06 v6.86b Hyperref: PDFDocEncoding definition (HO)
)
\Hy@SavedSpaceFactor=\count101

(/usr/share/texlive/texmf-dist/tex/latex/latexconfig/hyperref.cfg
File: hyperref.cfg 2002/06/06 v1.2 hyperref configuration of TeXLive
)
Package hyperref Info: Hyper figures OFF on input line 4509.
Package hyperref Info: Link nesting OFF on input line 4514.
Package hyperref Info: Hyper index ON on input line 4517.
Package hyperref Info: Plain pages OFF on input line 4524.
Package hyperref Info: Backreferencing OFF on input line 4529.
Package hyperref Info: Implicit mode ON; LaTeX internals redefined.
Package hyperref Info: Bookmarks ON on input line 4762.
\c@Hy@tempcnt=\count102

(/usr/share/texlive/texmf-dist/tex/latex/url/url.sty
\Urlmuskip=\muskip10
Package: url 2013/09/16  ver 3.4  Verb mode for urls, etc.
)
LaTeX Info: Redefining \url on input line 5115.
\XeTeXLinkMargin=\dimen118
\Fld@menulength=\count103
\Field@Width=\dimen119
\Fld@charsize=\dimen120
Package hyperref Info: Hyper figures OFF on input line 6369.
Package hyperref Info: Link nesting OFF on input line 6374.
Package hyperref Info: Hyper index ON on input line 6377.
Package hyperref Info: backreferencing OFF on input line 6384.
Package hyperref Info: Link coloring OFF on input line 6389.
Package hyperref Info: Link coloring with OCG OFF on input line 6394.
Package hyperref Info: PDF/A mode OFF on input line 6399.
LaTeX Info: Redefining \ref on input line 6439.
LaTeX Info: Redefining \pageref on input line 6443.
\Hy@abspage=\count104
\c@Item=\count105
\c@Hfootnote=\count106
)
Package hyperref Info: Driver (autodetected): hpdftex.

(/usr/share/texlive/texmf-dist/tex/latex/hyperref/hpdftex.def
File: hpdftex.def 2018/02/06 v6.86b Hyperref driver for pdfTeX
\Fld@listcount=\count107
\c@bookmark@seq@number=\count108

(/usr/share/texlive/texmf-dist/tex/latex/oberdiek/rerunfilecheck.sty
Package: rerunfilecheck 2016/05/16 v1.8 Rerun checks for auxiliary files (HO)
Package uniquecounter Info: New unique counter `rerunfilecheck' on input line 2
82.
)
\Hy@SectionHShift=\skip43
)
(/usr/share/texlive/texmf-dist/tex/latex/base/textcomp.sty
Package: textcomp 2017/04/05 v2.0i Standard LaTeX package
Package textcomp Info: Sub-encoding information:
(textcomp)               5 = only ISO-Adobe without \textcurrency
(textcomp)               4 = 5 + \texteuro
(textcomp)               3 = 4 + \textohm
(textcomp)               2 = 3 + \textestimated + \textcurrency
(textcomp)               1 = TS1 - \textcircled - \t
(textcomp)               0 = TS1 (full)
(textcomp)             Font families with sub-encoding setting implement
(textcomp)             only a restricted character set as indicated.
(textcomp)             Family '?' is the default used for unknown fonts.
(textcomp)             See the documentation for details.
Package textcomp Info: Setting ? sub-encoding to TS1/1 on input line 79.

(/usr/share/texlive/texmf-dist/tex/latex/base/ts1enc.def
File: ts1enc.def 2001/06/05 v3.0e (jk/car/fm) Standard LaTeX file
)
LaTeX Info: Redefining \oldstylenums on input line 334.
Package textcomp Info: Setting cmr sub-encoding to TS1/0 on input line 349.
Package textcomp Info: Setting cmss sub-encoding to TS1/0 on input line 350.
Package textcomp Info: Setting cmtt sub-encoding to TS1/0 on input line 351.
Package textcomp Info: Setting cmvtt sub-encoding to TS1/0 on input line 352.
Package textcomp Info: Setting cmbr sub-encoding to TS1/0 on input line 353.
Package textcomp Info: Setting cmtl sub-encoding to TS1/0 on input line 354.
Package textcomp Info: Setting ccr sub-encoding to TS1/0 on input line 355.
Package textcomp Info: Setting ptm sub-encoding to TS1/4 on input line 356.
Package textcomp Info: Setting pcr sub-encoding to TS1/4 on input line 357.
Package textcomp Info: Setting phv sub-encoding to TS1/4 on input line 358.
Package textcomp Info: Setting ppl sub-encoding to TS1/3 on input line 359.
Package textcomp Info: Setting pag sub-encoding to TS1/4 on input line 360.
Package textcomp Info: Setting pbk sub-encoding to TS1/4 on input line 361.
Package textcomp Info: Setting pnc sub-encoding to TS1/4 on input line 362.
Package textcomp Info: Setting pzc sub-encoding to TS1/4 on input line 363.
Package textcomp Info: Setting bch sub-encoding to TS1/4 on input line 364.
Package textcomp Info: Setting put sub-encoding to TS1/5 on input line 365.
Package textcomp Info: Setting uag sub-encoding to TS1/5 on input line 366.
Package textcomp Info: Setting ugq sub-encoding to TS1/5 on input line 367.
Package textcomp Info: Setting ul8 sub-encoding to TS1/4 on input line 368.
Package textcomp Info: Setting ul9 sub-encoding to TS1/4 on input line 369.
Package textcomp Info: Setting augie sub-encoding to TS1/5 on input line 370.
Package textcomp Info: Setting dayrom sub-encoding to TS1/3 on input line 371.
Package textcomp Info: Setting dayroms sub-encoding to TS1/3 on input line 372.

Package textcomp Info: Setting pxr sub-encoding to TS1/0 on input line 373.
Package textcomp Info: Setting pxss sub-encoding to TS1/0 on input line 374.
Package textcomp Info: Setting pxtt sub-encoding to TS1/0 on input line 375.
Package textcomp Info: Setting txr sub-encoding to TS1/0 on input line 376.
Package textcomp Info: Setting txss sub-encoding to TS1/0 on input line 377.
Package textcomp Info: Setting txtt sub-encoding to TS1/0 on input line 378.
Package textcomp Info: Setting lmr sub-encoding to TS1/0 on input line 379.
Package textcomp Info: Setting lmdh sub-encoding to TS1/0 on input line 380.
Package textcomp Info: Setting lmss sub-encoding to TS1/0 on input line 381.
Package textcomp Info: Setting lmssq sub-encoding to TS1/0 on input line 382.
Package textcomp Info: Setting lmvtt sub-encoding to TS1/0 on input line 383.
Package textcomp Info: Setting lmtt sub-encoding to TS1/0 on input line 384.
Package textcomp Info: Setting qhv sub-encoding to TS1/0 on input line 385.
Package textcomp Info: Setting qag sub-encoding to TS1/0 on input line 386.
Package textcomp Info: Setting qbk sub-encoding to TS1/0 on input line 387.
Package textcomp Info: Setting qcr sub-encoding to TS1/0 on input line 388.
Package textcomp Info: Setting qcs sub-encoding to TS1/0 on input line 389.
Package textcomp Info: Setting qpl sub-encoding to TS1/0 on input line 390.
Package textcomp Info: Setting qtm sub-encoding to TS1/0 on input line 391.
Package textcomp Info: Setting qzc sub-encoding to TS1/0 on input line 392.
Package textcomp Info: Setting qhvc sub-encoding to TS1/0 on input line 393.
Package textcomp Info: Setting futs sub-encoding to TS1/4 on input line 394.
Package textcomp Info: Setting futx sub-encoding to TS1/4 on input line 395.
Package textcomp Info: Setting futj sub-encoding to TS1/4 on input line 396.
Package textcomp Info: Setting hlh sub-encoding to TS1/3 on input line 397.
Package textcomp Info: Setting hls sub-encoding to TS1/3 on input line 398.
Package textcomp Info: Setting hlst sub-encoding to TS1/3 on input line 399.
Package textcomp Info: Setting hlct sub-encoding to TS1/5 on input line 400.
Package textcomp Info: Setting hlx sub-encoding to TS1/5 on input line 401.
Package textcomp Info: Setting hlce sub-encoding to TS1/5 on input line 402.
Package textcomp Info: Setting hlcn sub-encoding to TS1/5 on input line 403.
Package textcomp Info: Setting hlcw sub-encoding to TS1/5 on input line 404.
Package textcomp Info: Setting hlcf sub-encoding to TS1/5 on input line 405.
Package textcomp Info: Setting pplx sub-encoding to TS1/3 on input line 406.
Package textcomp Info: Setting pplj sub-encoding to TS1/3 on input line 407.
Package textcomp Info: Setting ptmx sub-encoding to TS1/4 on input line 408.
Package textcomp Info: Setting ptmj sub-encoding to TS1/4 on input line 409.
)
Package hyperref Info: Option `colorlinks' set `true' on input line 20.

(/usr/share/texlive/texmf-dist/tex/latex/fancyhdr/fancyhdr.sty
\fancy@headwidth=\skip44
\f@ncyO@elh=\skip45
\f@ncyO@erh=\skip46
\f@ncyO@olh=\skip47
\f@ncyO@orh=\skip48
\f@ncyO@elf=\skip49
\f@ncyO@erf=\skip50
\f@ncyO@olf=\skip51
\f@ncyO@orf=\skip52
)
(/usr/share/texlive/texmf-dist/tex/latex/framed/framed.sty
Package: framed 2011/10/22 v 0.96: framed or shaded text with page breaks
\OuterFrameSep=\skip53
\fb@frw=\dimen121
\fb@frh=\dimen122
\FrameRule=\dimen123
\FrameSep=\dimen124
)) (./document.aux
(./title-page.aux) (./introduction.aux) (./style-guide.aux)
(./general-principles.aux) (./efficiency.aux) (./portable-suites.aux)
(./roadmap.aux))
\openout1 = `document.aux'.

LaTeX Font Info:    Checking defaults for OML/cmm/m/it on input line 2.
LaTeX Font Info:    ... okay on input line 2.
LaTeX Font Info:    Checking defaults for T1/cmr/m/n on input line 2.
LaTeX Font Info:    ... okay on input line 2.
LaTeX Font Info:    Checking defaults for OT1/cmr/m/n on input line 2.
LaTeX Font Info:    ... okay on input line 2.
LaTeX Font Info:    Checking defaults for OMS/cmsy/m/n on input line 2.
LaTeX Font Info:    ... okay on input line 2.
LaTeX Font Info:    Checking defaults for OMX/cmex/m/n on input line 2.
LaTeX Font Info:    ... okay on input line 2.
LaTeX Font Info:    Checking defaults for U/cmr/m/n on input line 2.
LaTeX Font Info:    ... okay on input line 2.
LaTeX Font Info:    Checking defaults for PD1/pdf/m/n on input line 2.
LaTeX Font Info:    ... okay on input line 2.
LaTeX Font Info:    Checking defaults for TS1/cmr/m/n on input line 2.
LaTeX Font Info:    Try loading font information for TS1+cmr on input line 2.
 (/usr/share/texlive/texmf-dist/tex/latex/base/ts1cmr.fd
File: ts1cmr.fd 2014/09/29 v2.5h Standard LaTeX font definitions
)
LaTeX Font Info:    ... okay on input line 2.

*geometry* driver: auto-detecting
*geometry* detected driver: pdftex
*geometry* verbose mode - [ preamble ] result:
* driver: pdftex
* paper: <default>
* layout: <same size as paper>
* layoutoffset:(h,v)=(0.0pt,0.0pt)
* modes: 
* h-part:(L,W,R)=(85.35826pt, 443.57848pt, 85.35826pt)
* v-part:(T,H,B)=(85.35826pt, 624.25346pt, 85.35826pt)
* \paperwidth=614.295pt
* \paperheight=794.96999pt
* \textwidth=443.57848pt
* \textheight=624.25346pt
* \oddsidemargin=13.08827pt
* \evensidemargin=13.08827pt
* \topmargin=-40.36447pt
* \headheight=28.45274pt
* \headsep=25.0pt
* \topskip=10.0pt
* \footskip=30.0pt
* \marginparwidth=65.0pt
* \marginparsep=11.0pt
* \columnsep=10.0pt
* \skip\footins=9.0pt plus 4.0pt minus 2.0pt
* \hoffset=0.0pt
* \voffset=0.0pt
* \mag=1000
* \@twocolumnfalse
* \@twosidefalse
* \@mparswitchfalse
* \@reversemarginfalse
* (1in=72.27pt=25.4mm, 1cm=28.453pt)

(/usr/share/texlive/texmf-dist/tex/context/base/mkii/supp-pdf.mkii
[Loading MPS to PDF converter (version 2006.09.02).]
\scratchcounter=\count109
\scratchdimen=\dimen125
\scratchbox=\box28
\nofMPsegments=\count110
\nofMParguments=\count111
\everyMPshowfont=\toks17
\MPscratchCnt=\count112
\MPscratchDim=\dimen126
\MPnumerator=\count113
\makeMPintoPDFobject=\count114
\everyMPtoPDFconversion=\toks18
) (/usr/share/texlive/texmf-dist/tex/latex/oberdiek/epstopdf-base.sty
Package: epstopdf-base 2016/05/15 v2.6 Base part for package epstopdf

(/usr/share/texlive/texmf-dist/tex/latex/oberdiek/grfext.sty
Package: grfext 2016/05/16 v1.2 Manage graphics extensions (HO)
)
Package epstopdf-base Info: Redefining graphics rule for `.eps' on input line 4
38.
Package grfext Info: Graphics extension search list:
(grfext)             [.png,.pdf,.jpg,.mps,.jpeg,.jbig2,.jb2,.PNG,.PDF,.JPG,.JPE
G,.JBIG2,.JB2,.eps]
(grfext)             \AppendGraphicsExtensions on input line 456.

(/usr/share/texlive/texmf-dist/tex/latex/latexconfig/epstopdf-sys.cfg
File: epstopdf-sys.cfg 2010/07/13 v1.3 Configuration of (r)epstopdf for TeX Liv
e
))
\c@lstlisting=\count115
\AtBeginShipoutBox=\box29
Package hyperref Info: Link coloring ON on input line 2.

(/usr/share/texlive/texmf-dist/tex/latex/hyperref/nameref.sty
Package: nameref 2016/05/21 v2.44 Cross-referencing by name of section

(/usr/share/texlive/texmf-dist/tex/generic/oberdiek/gettitlestring.sty
Package: gettitlestring 2016/05/16 v1.5 Cleanup title references (HO)
)
\c@section@level=\count116
)
LaTeX Info: Redefining \ref on input line 2.
LaTeX Info: Redefining \pageref on input line 2.
LaTeX Info: Redefining \nameref on input line 2.

(./document.out) (./document.out)
\@outlinefile=\write3
\openout3 = `document.out'.

\openout2 = `title-page.aux'.

 (./title-page.tex
<resources/png/rose-logo.png, id=313, 157.53236pt x 61.71371pt>
File: resources/png/rose-logo.png Graphic file (type png)

<use resources/png/rose-logo.png>
Package pdftex.def Info: resources/png/rose-logo.png used on input line 5.
(pdftex.def)             Requested size: 133.07489pt x 52.13202pt.

<resources/tex/cylc-logo.pdf, id=314, 244.69366pt x 82.51299pt>
File: resources/tex/cylc-logo.pdf Graphic file (type pdf)

<use resources/tex/cylc-logo.pdf>
Package pdftex.def Info: resources/tex/cylc-logo.pdf used on input line 6.
(pdftex.def)             Requested size: 133.07489pt x 44.87488pt.
 [1




{/usr/share/texlive/texmf-dist/fonts/map/pdftex/updmap/pdftex.map} <./resources
/png/rose-logo.png> <./resources/tex/cylc-logo.pdf>]) (./document.toc
LaTeX Font Info:    External font `cmex10' loaded for size
(Font)              <7> on input line 3.
LaTeX Font Info:    External font `cmex10' loaded for size
(Font)              <5> on input line 3.
File: resources/png/rose-logo.png Graphic file (type png)
 <use resources/png/rose-logo.png>
Package pdftex.def Info: resources/png/rose-logo.png used on input line 50.
(pdftex.def)             Requested size: 66.53406pt x 26.06459pt.
File: resources/tex/cylc-logo.pdf Graphic file (type pdf)

<use resources/tex/cylc-logo.pdf>
Package pdftex.def Info: resources/tex/cylc-logo.pdf used on input line 50.
(pdftex.def)             Requested size: 66.53406pt x 22.43617pt.


Package Fancyhdr Warning: \headheight is too small (28.45274pt): 
 Make it at least 29.66463pt.
 We now make it that large for the rest of the document.
 This may cause the page layout to be inconsistent, however.

pdfTeX warning (ext4): destination with the same identifier (name{page.1}) has 
been already used, duplicate ignored
<to be read again> 
                   \relax 
l.50 ...overy Workflows}{18}{subsubsection.3.18.3}
                                                   [1

])
\tf@toc=\write4
\openout4 = `document.toc'.

File: resources/png/rose-logo.png Graphic file (type png)

<use resources/png/rose-logo.png>
Package pdftex.def Info: resources/png/rose-logo.png used on input line 5.
(pdftex.def)             Requested size: 66.53406pt x 26.06459pt.
File: resources/tex/cylc-logo.pdf Graphic file (type pdf)
 <use resources/tex/cylc-logo.pdf>
Package pdftex.def Info: resources/tex/cylc-logo.pdf used on input line 5.
(pdftex.def)             Requested size: 66.53406pt x 22.43617pt.
 [2]
\openout2 = `introduction.aux'.


(./introduction.tex

LaTeX Font Warning: Font shape `OT1/cmss/m/it' in size <10> not available
(Font)              Font shape `OT1/cmss/m/sl' tried instead on input line 17.

LaTeX Font Info:    Try loading font information for TS1+cmss on input line 20.

(/usr/share/texlive/texmf-dist/tex/latex/base/ts1cmss.fd
File: ts1cmss.fd 2014/09/29 v2.5h Standard LaTeX font definitions
))
File: resources/png/rose-logo.png Graphic file (type png)

<use resources/png/rose-logo.png>
Package pdftex.def Info: resources/png/rose-logo.png used on input line 5.
(pdftex.def)             Requested size: 66.53406pt x 26.06459pt.
File: resources/tex/cylc-logo.pdf Graphic file (type pdf)
 <use resources/tex/cylc-logo.pdf>
Package pdftex.def Info: resources/tex/cylc-logo.pdf used on input line 5.
(pdftex.def)             Requested size: 66.53406pt x 22.43617pt.
 [3

]
\openout2 = `style-guide.aux'.


(./style-guide.tex
LaTeX Font Info:    Try loading font information for OT1+pcr on input line 12.
 (/usr/share/texlive/texmf-dist/tex/latex/psnfss/ot1pcr.fd
File: ot1pcr.fd 2001/06/04 font definitions for OT1/pcr.
)
LaTeX Font Info:    Font shape `OT1/pcr/bx/n' in size <8> not available
(Font)              Font shape `OT1/pcr/b/n' tried instead on input line 12.

(/usr/share/texlive/texmf-dist/tex/latex/listings/lstlang1.sty
File: lstlang1.sty 2015/06/04 1.6 listings language file
)
LaTeX Font Info:    Try loading font information for TS1+pcr on input line 33.

(/usr/share/texlive/texmf-dist/tex/latex/psnfss/ts1pcr.fd
File: ts1pcr.fd 2001/06/04 font definitions for TS1/pcr.
)
LaTeX Font Info:    Font shape `TS1/pcr/bx/n' in size <8> not available
(Font)              Font shape `TS1/pcr/b/n' tried instead on input line 33.
File: resources/png/rose-logo.png Graphic file (type png)

<use resources/png/rose-logo.png>
Package pdftex.def Info: resources/png/rose-logo.png used on input line 78.
(pdftex.def)             Requested size: 66.53406pt x 26.06459pt.
File: resources/tex/cylc-logo.pdf Graphic file (type pdf)
 <use resources/tex/cylc-logo.pdf>
Package pdftex.def Info: resources/tex/cylc-logo.pdf used on input line 78.
(pdftex.def)             Requested size: 66.53406pt x 22.43617pt.
 [4


]
File: resources/png/rose-logo.png Graphic file (type png)

<use resources/png/rose-logo.png>
Package pdftex.def Info: resources/png/rose-logo.png used on input line 160.
(pdftex.def)             Requested size: 66.53406pt x 26.06459pt.
File: resources/tex/cylc-logo.pdf Graphic file (type pdf)
 <use resources/tex/cylc-logo.pdf>
Package pdftex.def Info: resources/tex/cylc-logo.pdf used on input line 160.
(pdftex.def)             Requested size: 66.53406pt x 22.43617pt.
 [5]
File: resources/png/rose-logo.png Graphic file (type png)

<use resources/png/rose-logo.png>
Package pdftex.def Info: resources/png/rose-logo.png used on input line 231.
(pdftex.def)             Requested size: 66.53406pt x 26.06459pt.
File: resources/tex/cylc-logo.pdf Graphic file (type pdf)
 <use resources/tex/cylc-logo.pdf>
Package pdftex.def Info: resources/tex/cylc-logo.pdf used on input line 231.
(pdftex.def)             Requested size: 66.53406pt x 22.43617pt.
 [6])
File: resources/png/rose-logo.png Graphic file (type png)

<use resources/png/rose-logo.png>
Package pdftex.def Info: resources/png/rose-logo.png used on input line 6.
(pdftex.def)             Requested size: 66.53406pt x 26.06459pt.
File: resources/tex/cylc-logo.pdf Graphic file (type pdf)
 <use resources/tex/cylc-logo.pdf>
Package pdftex.def Info: resources/tex/cylc-logo.pdf used on input line 6.
(pdftex.def)             Requested size: 66.53406pt x 22.43617pt.
 [7]
File: resources/png/rose-logo.png Graphic file (type png)

<use resources/png/rose-logo.png>
Package pdftex.def Info: resources/png/rose-logo.png used on input line 6.
(pdftex.def)             Requested size: 66.53406pt x 26.06459pt.
File: resources/tex/cylc-logo.pdf Graphic file (type pdf)
 <use resources/tex/cylc-logo.pdf>
Package pdftex.def Info: resources/tex/cylc-logo.pdf used on input line 6.
(pdftex.def)             Requested size: 66.53406pt x 22.43617pt.
 [8]
\openout2 = `general-principles.aux'.


(./general-principles.tex
File: resources/png/rose-logo.png Graphic file (type png)
 <use resources/png/rose-logo.png>
Package pdftex.def Info: resources/png/rose-logo.png used on input line 75.
(pdftex.def)             Requested size: 66.53406pt x 26.06459pt.
File: resources/tex/cylc-logo.pdf Graphic file (type pdf)

<use resources/tex/cylc-logo.pdf>
Package pdftex.def Info: resources/tex/cylc-logo.pdf used on input line 75.
(pdftex.def)             Requested size: 66.53406pt x 22.43617pt.
 [9


]
File: resources/png/rose-logo.png Graphic file (type png)
 <use resources/png/rose-logo.png>
Package pdftex.def Info: resources/png/rose-logo.png used on input line 134.
(pdftex.def)             Requested size: 66.53406pt x 26.06459pt.
File: resources/tex/cylc-logo.pdf Graphic file (type pdf)

<use resources/tex/cylc-logo.pdf>
Package pdftex.def Info: resources/tex/cylc-logo.pdf used on input line 134.
(pdftex.def)             Requested size: 66.53406pt x 22.43617pt.
 [10]
File: resources/png/rose-logo.png Graphic file (type png)
 <use resources/png/rose-logo.png>
Package pdftex.def Info: resources/png/rose-logo.png used on input line 202.
(pdftex.def)             Requested size: 66.53406pt x 26.06459pt.
File: resources/tex/cylc-logo.pdf Graphic file (type pdf)

<use resources/tex/cylc-logo.pdf>
Package pdftex.def Info: resources/tex/cylc-logo.pdf used on input line 202.
(pdftex.def)             Requested size: 66.53406pt x 22.43617pt.
 [11]
File: resources/png/rose-logo.png Graphic file (type png)
 <use resources/png/rose-logo.png>
Package pdftex.def Info: resources/png/rose-logo.png used on input line 276.
(pdftex.def)             Requested size: 66.53406pt x 26.06459pt.
File: resources/tex/cylc-logo.pdf Graphic file (type pdf)

<use resources/tex/cylc-logo.pdf>
Package pdftex.def Info: resources/tex/cylc-logo.pdf used on input line 276.
(pdftex.def)             Requested size: 66.53406pt x 22.43617pt.
 [12]
File: resources/png/rose-logo.png Graphic file (type png)
 <use resources/png/rose-logo.png>
Package pdftex.def Info: resources/png/rose-logo.png used on input line 345.
(pdftex.def)             Requested size: 66.53406pt x 26.06459pt.
File: resources/tex/cylc-logo.pdf Graphic file (type pdf)

<use resources/tex/cylc-logo.pdf>
Package pdftex.def Info: resources/tex/cylc-logo.pdf used on input line 345.
(pdftex.def)             Requested size: 66.53406pt x 22.43617pt.
 [13]
File: resources/png/rose-logo.png Graphic file (type png)
 <use resources/png/rose-logo.png>
Package pdftex.def Info: resources/png/rose-logo.png used on input line 410.
(pdftex.def)             Requested size: 66.53406pt x 26.06459pt.
File: resources/tex/cylc-logo.pdf Graphic file (type pdf)

<use resources/tex/cylc-logo.pdf>
Package pdftex.def Info: resources/tex/cylc-logo.pdf used on input line 410.
(pdftex.def)             Requested size: 66.53406pt x 22.43617pt.
 [14]
File: resources/png/rose-logo.png Graphic file (type png)
 <use resources/png/rose-logo.png>
Package pdftex.def Info: resources/png/rose-logo.png used on input line 490.
(pdftex.def)             Requested size: 66.53406pt x 26.06459pt.
File: resources/tex/cylc-logo.pdf Graphic file (type pdf)

<use resources/tex/cylc-logo.pdf>
Package pdftex.def Info: resources/tex/cylc-logo.pdf used on input line 490.
(pdftex.def)             Requested size: 66.53406pt x 22.43617pt.
 [15]
File: resources/png/rose-logo.png Graphic file (type png)
 <use resources/png/rose-logo.png>
Package pdftex.def Info: resources/png/rose-logo.png used on input line 567.
(pdftex.def)             Requested size: 66.53406pt x 26.06459pt.
File: resources/tex/cylc-logo.pdf Graphic file (type pdf)

<use resources/tex/cylc-logo.pdf>
Package pdftex.def Info: resources/tex/cylc-logo.pdf used on input line 567.
(pdftex.def)             Requested size: 66.53406pt x 22.43617pt.
 [16]
File: resources/png/rose-logo.png Graphic file (type png)
 <use resources/png/rose-logo.png>
Package pdftex.def Info: resources/png/rose-logo.png used on input line 644.
(pdftex.def)             Requested size: 66.53406pt x 26.06459pt.
File: resources/tex/cylc-logo.pdf Graphic file (type pdf)

<use resources/tex/cylc-logo.pdf>
Package pdftex.def Info: resources/tex/cylc-logo.pdf used on input line 644.
(pdftex.def)             Requested size: 66.53406pt x 22.43617pt.
 [17]
<resources/png/failure-recovery.png, id=770, 156.585pt x 389.455pt>
File: resources/png/failure-recovery.png Graphic file (type png)

<use resources/png/failure-recovery.png>
Package pdftex.def Info: resources/png/failure-recovery.png used on input line 
660.
(pdftex.def)             Requested size: 79.84087pt x 198.58376pt.
)
File: resources/png/rose-logo.png Graphic file (type png)
 <use resources/png/rose-logo.png>
Package pdftex.def Info: resources/png/rose-logo.png used on input line 7.
(pdftex.def)             Requested size: 66.53406pt x 26.06459pt.
File: resources/tex/cylc-logo.pdf Graphic file (type pdf)

<use resources/tex/cylc-logo.pdf>
Package pdftex.def Info: resources/tex/cylc-logo.pdf used on input line 7.
(pdftex.def)             Requested size: 66.53406pt x 22.43617pt.
 [18 <./resources/png/failure-recovery.png (PNG copy)>]
\openout2 = `efficiency.aux'.

 (./efficiency.tex
File: resources/png/rose-logo.png Graphic file (type png)
 <use resources/png/rose-logo.png>
Package pdftex.def Info: resources/png/rose-logo.png used on input line 82.
(pdftex.def)             Requested size: 66.53406pt x 26.06459pt.
File: resources/tex/cylc-logo.pdf Graphic file (type pdf)

<use resources/tex/cylc-logo.pdf>
Package pdftex.def Info: resources/tex/cylc-logo.pdf used on input line 82.
(pdftex.def)             Requested size: 66.53406pt x 22.43617pt.
 [19


]
<resources/png/fam-to-fam-1.png, id=823, 1176.395pt x 233.87375pt>
File: resources/png/fam-to-fam-1.png Graphic file (type png)

<use resources/png/fam-to-fam-1.png>
Package pdftex.def Info: resources/png/fam-to-fam-1.png used on input line 153.

(pdftex.def)             Requested size: 443.57848pt x 88.18419pt.

<resources/png/fam-to-fam-2.png, id=824, 1176.395pt x 354.32375pt>
File: resources/png/fam-to-fam-2.png Graphic file (type png)

<use resources/png/fam-to-fam-2.png>
Package pdftex.def Info: resources/png/fam-to-fam-2.png used on input line 154.

(pdftex.def)             Requested size: 443.57848pt x 133.60095pt.
File: resources/png/rose-logo.png Graphic file (type png)
 <use resources/png/rose-logo.png>
Package pdftex.def Info: resources/png/rose-logo.png used on input line 166.
(pdftex.def)             Requested size: 66.53406pt x 26.06459pt.
File: resources/tex/cylc-logo.pdf Graphic file (type pdf)

<use resources/tex/cylc-logo.pdf>
Package pdftex.def Info: resources/tex/cylc-logo.pdf used on input line 166.
(pdftex.def)             Requested size: 66.53406pt x 22.43617pt.
 [20 <./resources/png/fam-to-fam-1.png (PNG copy)>]
File: resources/png/rose-logo.png Graphic file (type png)
 <use resources/png/rose-logo.png>
Package pdftex.def Info: resources/png/rose-logo.png used on input line 219.
(pdftex.def)             Requested size: 66.53406pt x 26.06459pt.
File: resources/tex/cylc-logo.pdf Graphic file (type pdf)
 <use resources/tex/cylc-logo.pdf>
Package pdftex.def Info: resources/tex/cylc-logo.pdf used on input line 219.
(pdftex.def)             Requested size: 66.53406pt x 22.43617pt.

[21 <./resources/png/fam-to-fam-2.png (PNG copy)>]
<resources/png/param-1.png, id=884, 1699.34875pt x 354.32375pt>
File: resources/png/param-1.png Graphic file (type png)

<use resources/png/param-1.png>
Package pdftex.def Info: resources/png/param-1.png used on input line 232.
(pdftex.def)             Requested size: 443.57848pt x 92.48424pt.

<resources/png/param-2.png, id=885, 2460.19125pt x 595.22375pt>
File: resources/png/param-2.png Graphic file (type png)

<use resources/png/param-2.png>
Package pdftex.def Info: resources/png/param-2.png used on input line 277.
(pdftex.def)             Requested size: 443.57848pt x 107.31729pt.
File: resources/png/rose-logo.png Graphic file (type png)
 <use resources/png/rose-logo.png>
Package pdftex.def Info: resources/png/rose-logo.png used on input line 279.
(pdftex.def)             Requested size: 66.53406pt x 26.06459pt.
File: resources/tex/cylc-logo.pdf Graphic file (type pdf)

<use resources/tex/cylc-logo.pdf>
Package pdftex.def Info: resources/tex/cylc-logo.pdf used on input line 279.
(pdftex.def)             Requested size: 66.53406pt x 22.43617pt.
 [22 <./resources/png/param-1.png (PNG copy)>]
File: resources/png/rose-logo.png Graphic file (type png)
<use resources/png/rose-logo.png>
Package pdftex.def Info: resources/png/rose-logo.png used on input line 348.
(pdftex.def)             Requested size: 66.53406pt x 26.06459pt.
File: resources/tex/cylc-logo.pdf Graphic file (type pdf)
 <use resources/tex/cylc-logo.pdf>
Package pdftex.def Info: resources/tex/cylc-logo.pdf used on input line 348.
(pdftex.def)             Requested size: 66.53406pt x 22.43617pt.
 [23 <./resources/png/param-2.png>])
File: resources/png/rose-logo.png Graphic file (type png)
 <use resources/png/rose-logo.png>
Package pdftex.def Info: resources/png/rose-logo.png used on input line 8.
(pdftex.def)             Requested size: 66.53406pt x 26.06459pt.
File: resources/tex/cylc-logo.pdf Graphic file (type pdf)

<use resources/tex/cylc-logo.pdf>
Package pdftex.def Info: resources/tex/cylc-logo.pdf used on input line 8.
(pdftex.def)             Requested size: 66.53406pt x 22.43617pt.
 [24]
\openout2 = `portable-suites.aux'.

 (./portable-suites.tex
File: resources/png/rose-logo.png Graphic file (type png)

<use resources/png/rose-logo.png>
Package pdftex.def Info: resources/png/rose-logo.png used on input line 81.
(pdftex.def)             Requested size: 66.53406pt x 26.06459pt.
File: resources/tex/cylc-logo.pdf Graphic file (type pdf)
 <use resources/tex/cylc-logo.pdf>
Package pdftex.def Info: resources/tex/cylc-logo.pdf used on input line 81.
(pdftex.def)             Requested size: 66.53406pt x 22.43617pt.
 [25


]
File: resources/png/rose-logo.png Graphic file (type png)

<use resources/png/rose-logo.png>
Package pdftex.def Info: resources/png/rose-logo.png used on input line 157.
(pdftex.def)             Requested size: 66.53406pt x 26.06459pt.
File: resources/tex/cylc-logo.pdf Graphic file (type pdf)
 <use resources/tex/cylc-logo.pdf>
Package pdftex.def Info: resources/tex/cylc-logo.pdf used on input line 157.
(pdftex.def)             Requested size: 66.53406pt x 22.43617pt.
 [26]
File: resources/png/rose-logo.png Graphic file (type png)

<use resources/png/rose-logo.png>
Package pdftex.def Info: resources/png/rose-logo.png used on input line 233.
(pdftex.def)             Requested size: 66.53406pt x 26.06459pt.
File: resources/tex/cylc-logo.pdf Graphic file (type pdf)
 <use resources/tex/cylc-logo.pdf>
Package pdftex.def Info: resources/tex/cylc-logo.pdf used on input line 233.
(pdftex.def)             Requested size: 66.53406pt x 22.43617pt.
 [27]
File: resources/png/rose-logo.png Graphic file (type png)

<use resources/png/rose-logo.png>
Package pdftex.def Info: resources/png/rose-logo.png used on input line 308.
(pdftex.def)             Requested size: 66.53406pt x 26.06459pt.
File: resources/tex/cylc-logo.pdf Graphic file (type pdf)
 <use resources/tex/cylc-logo.pdf>
Package pdftex.def Info: resources/tex/cylc-logo.pdf used on input line 308.
(pdftex.def)             Requested size: 66.53406pt x 22.43617pt.
 [28]
File: resources/png/rose-logo.png Graphic file (type png)

<use resources/png/rose-logo.png>
Package pdftex.def Info: resources/png/rose-logo.png used on input line 375.
(pdftex.def)             Requested size: 66.53406pt x 26.06459pt.
File: resources/tex/cylc-logo.pdf Graphic file (type pdf)
 <use resources/tex/cylc-logo.pdf>
Package pdftex.def Info: resources/tex/cylc-logo.pdf used on input line 375.
(pdftex.def)             Requested size: 66.53406pt x 22.43617pt.
 [29]
(/usr/share/texlive/texmf-dist/tex/latex/listings/lstlang1.sty
File: lstlang1.sty 2015/06/04 1.6 listings language file
)
File: resources/png/rose-logo.png Graphic file (type png)

<use resources/png/rose-logo.png>
Package pdftex.def Info: resources/png/rose-logo.png used on input line 461.
(pdftex.def)             Requested size: 66.53406pt x 26.06459pt.
File: resources/tex/cylc-logo.pdf Graphic file (type pdf)
 <use resources/tex/cylc-logo.pdf>
Package pdftex.def Info: resources/tex/cylc-logo.pdf used on input line 461.
(pdftex.def)             Requested size: 66.53406pt x 22.43617pt.
 [30])
File: resources/png/rose-logo.png Graphic file (type png)

<use resources/png/rose-logo.png>
Package pdftex.def Info: resources/png/rose-logo.png used on input line 9.
(pdftex.def)             Requested size: 66.53406pt x 26.06459pt.
File: resources/tex/cylc-logo.pdf Graphic file (type pdf)
 <use resources/tex/cylc-logo.pdf>
Package pdftex.def Info: resources/tex/cylc-logo.pdf used on input line 9.
(pdftex.def)             Requested size: 66.53406pt x 22.43617pt.
 [31]
\openout2 = `roadmap.aux'.


(./roadmap.tex
File: resources/png/rose-logo.png Graphic file (type png)
 <use resources/png/rose-logo.png>
Package pdftex.def Info: resources/png/rose-logo.png used on input line 74.
(pdftex.def)             Requested size: 66.53406pt x 26.06459pt.
File: resources/tex/cylc-logo.pdf Graphic file (type pdf)

<use resources/tex/cylc-logo.pdf>
Package pdftex.def Info: resources/tex/cylc-logo.pdf used on input line 74.
(pdftex.def)             Requested size: 66.53406pt x 22.43617pt.
 [32


])
File: resources/png/rose-logo.png Graphic file (type png)
 <use resources/png/rose-logo.png>
Package pdftex.def Info: resources/png/rose-logo.png used on input line 10.
(pdftex.def)             Requested size: 66.53406pt x 26.06459pt.
File: resources/tex/cylc-logo.pdf Graphic file (type pdf)

<use resources/tex/cylc-logo.pdf>
Package pdftex.def Info: resources/tex/cylc-logo.pdf used on input line 10.
(pdftex.def)             Requested size: 66.53406pt x 22.43617pt.
 [33]
Package atveryend Info: Empty hook `BeforeClearDocument' on input line 11.
Package atveryend Info: Empty hook `AfterLastShipout' on input line 11.
 (./document.aux (./title-page.aux)
(./introduction.aux) (./style-guide.aux) (./general-principles.aux)
(./efficiency.aux) (./portable-suites.aux) (./roadmap.aux))
Package atveryend Info: Executing hook `AtVeryEndDocument' on input line 11.
Package atveryend Info: Executing hook `AtEndAfterFileList' on input line 11.
Package rerunfilecheck Info: File `document.out' has not changed.
(rerunfilecheck)             Checksum: 9787F2962FD32AD8B41D4658EF2CF4EA;5691.
Package atveryend Info: Empty hook `AtVeryVeryEnd' on input line 11.
 ) 
Here is how much of TeX's memory you used:
 8756 strings out of 494941
 129957 string characters out of 6180917
 266380 words of memory out of 5000000
 11162 multiletter control sequences out of 15000+600000
 8074 words of font info for 29 fonts, out of 8000000 for 9000
 14 hyphenation exceptions out of 8191
 37i,16n,45p,239b,1688s stack positions out of 5000i,500n,10000p,200000b,80000s
{/usr/share/texlive/texmf-dist/fonts/enc/dvips/base/8r.enc}{/usr/share/texliv
e/texmf-dist/fonts/enc/dvips/cm-super/cm-super-ts1.enc}</usr/share/texlive/texm
f-dist/fonts/type1/public/amsfonts/cm/cmr10.pfb></usr/share/texlive/texmf-dist/
fonts/type1/public/amsfonts/cm/cmss10.pfb></usr/share/texlive/texmf-dist/fonts/
type1/public/amsfonts/cm/cmss12.pfb></usr/share/texlive/texmf-dist/fonts/type1/
public/amsfonts/cm/cmss17.pfb></usr/share/texlive/texmf-dist/fonts/type1/public
/amsfonts/cm/cmss9.pfb></usr/share/texlive/texmf-dist/fonts/type1/public/amsfon
ts/cm/cmssbx10.pfb></usr/share/texlive/texmf-dist/fonts/type1/public/amsfonts/c
m/cmssi10.pfb></usr/share/texlive/texmf-dist/fonts/type1/public/cm-super/sfss10
00.pfb></usr/share/texlive/texmf-dist/fonts/type1/urw/courier/ucrb8a.pfb>
Output written on document.pdf (34 pages, 531875 bytes).
PDF statistics:
 1426 PDF objects out of 1440 (max. 8388607)
 1357 compressed objects within 14 object streams
 747 named destinations out of 1000 (max. 500000)
 652 words of extra memory for PDF output out of 10000 (max. 10000000)

