\BOOKMARK [1][-]{section.1}{Introduction: How Cylc Works}{}% 1
\BOOKMARK [2][-]{subsection.1.1}{Scheduling Forecast Suites}{section.1}% 2
\BOOKMARK [2][-]{subsection.1.2}{EcoConnect}{section.1}% 3
\BOOKMARK [2][-]{subsection.1.3}{Dependence Between Tasks}{section.1}% 4
\BOOKMARK [3][-]{subsubsection.1.3.1}{Intra-cycle Dependence}{subsection.1.3}% 5
\BOOKMARK [3][-]{subsubsection.1.3.2}{Inter-Cycle Dependence}{subsection.1.3}% 6
\BOOKMARK [2][-]{subsection.1.4}{The Cylc Scheduling Algorithm}{section.1}% 7
\BOOKMARK [1][-]{section.2}{Cylc Screenshots}{}% 8
\BOOKMARK [1][-]{section.3}{Installation}{}% 9
\BOOKMARK [2][-]{subsection.3.1}{Third-Party Software Packages}{section.3}% 10
\BOOKMARK [2][-]{subsection.3.2}{Software Bundled With Cylc}{section.3}% 11
\BOOKMARK [2][-]{subsection.3.3}{Installing Cylc}{section.3}% 12
\BOOKMARK [3][-]{subsubsection.3.3.1}{Local User Installation}{subsection.3.3}% 13
\BOOKMARK [3][-]{subsubsection.3.3.2}{Create A Site Config File}{subsection.3.3}% 14
\BOOKMARK [3][-]{subsubsection.3.3.3}{Configure Site Environment on Job Hosts}{subsection.3.3}% 15
\BOOKMARK [2][-]{subsection.3.4}{Automated Tests}{section.3}% 16
\BOOKMARK [1][-]{section.4}{Cylc Terminology}{}% 17
\BOOKMARK [2][-]{subsection.4.1}{Jobs and Tasks}{section.4}% 18
\BOOKMARK [2][-]{subsection.4.2}{Cycle Points}{section.4}% 19
\BOOKMARK [1][-]{section.5}{Workflows For Cycling Systems}{}% 20
\BOOKMARK [2][-]{subsection.5.1}{Cycling Workflows}{section.5}% 21
\BOOKMARK [2][-]{subsection.5.2}{Parameterized Tasks as a Proxy for Cycling}{section.5}% 22
\BOOKMARK [2][-]{subsection.5.3}{Mixed Cycling Workflows}{section.5}% 23
\BOOKMARK [1][-]{section.6}{Global \(Site, User\) Configuration Files}{}% 24
\BOOKMARK [1][-]{section.7}{Tutorial}{}% 25
\BOOKMARK [2][-]{subsection.7.1}{User Config File}{section.7}% 26
\BOOKMARK [3][-]{subsubsection.7.1.1}{Configure Environment on Job Hosts}{subsection.7.1}% 27
\BOOKMARK [2][-]{subsection.7.2}{User Interfaces}{section.7}% 28
\BOOKMARK [3][-]{subsubsection.7.2.1}{Command Line Interface \(CLI\)}{subsection.7.2}% 29
\BOOKMARK [3][-]{subsubsection.7.2.2}{Graphical User Interface \(GUI\)}{subsection.7.2}% 30
\BOOKMARK [2][-]{subsection.7.3}{Suite Configuration}{section.7}% 31
\BOOKMARK [2][-]{subsection.7.4}{Suite Registration}{section.7}% 32
\BOOKMARK [2][-]{subsection.7.5}{Suite Passphrases}{section.7}% 33
\BOOKMARK [2][-]{subsection.7.6}{Import The Example Suites}{section.7}% 34
\BOOKMARK [2][-]{subsection.7.7}{Rename The Imported Tutorial Suites}{section.7}% 35
\BOOKMARK [2][-]{subsection.7.8}{Suite Validation}{section.7}% 36
\BOOKMARK [2][-]{subsection.7.9}{Hello World in Cylc}{section.7}% 37
\BOOKMARK [2][-]{subsection.7.10}{Editing Suites}{section.7}% 38
\BOOKMARK [2][-]{subsection.7.11}{Running Suites}{section.7}% 39
\BOOKMARK [3][-]{subsubsection.7.11.1}{CLI}{subsection.7.11}% 40
\BOOKMARK [3][-]{subsubsection.7.11.2}{GUI}{subsection.7.11}% 41
\BOOKMARK [2][-]{subsection.7.12}{Remote Suites}{section.7}% 42
\BOOKMARK [2][-]{subsection.7.13}{Discovering Running Suites}{section.7}% 43
\BOOKMARK [2][-]{subsection.7.14}{Task Identifiers}{section.7}% 44
\BOOKMARK [2][-]{subsection.7.15}{Job Submission: How Tasks Are Executed}{section.7}% 45
\BOOKMARK [2][-]{subsection.7.16}{Locating Suite And Task Output}{section.7}% 46
\BOOKMARK [2][-]{subsection.7.17}{Viewing Suite Logs via Web Browser: Cylc Review}{section.7}% 47
\BOOKMARK [3][-]{subsubsection.7.17.1}{Hosts For Running Cylc Review}{subsection.7.17}% 48
\BOOKMARK [3][-]{subsubsection.7.17.2}{Configuring Cylc Review}{subsection.7.17}% 49
\BOOKMARK [2][-]{subsection.7.18}{Remote Tasks}{section.7}% 50
\BOOKMARK [2][-]{subsection.7.19}{Task Triggering}{section.7}% 51
\BOOKMARK [3][-]{subsubsection.7.19.1}{Task Failure And Suicide Triggering}{subsection.7.19}% 52
\BOOKMARK [2][-]{subsection.7.20}{Runtime Inheritance}{section.7}% 53
\BOOKMARK [2][-]{subsection.7.21}{Triggering Families}{section.7}% 54
\BOOKMARK [2][-]{subsection.7.22}{Triggering Off Of Families}{section.7}% 55
\BOOKMARK [2][-]{subsection.7.23}{Suite Visualization}{section.7}% 56
\BOOKMARK [2][-]{subsection.7.24}{External Task Scripts}{section.7}% 57
\BOOKMARK [2][-]{subsection.7.25}{Cycling Tasks}{section.7}% 58
\BOOKMARK [3][-]{subsubsection.7.25.1}{ISO 8601 Date-Time Syntax}{subsection.7.25}% 59
\BOOKMARK [3][-]{subsubsection.7.25.2}{Inter-Cycle Triggers}{subsection.7.25}% 60
\BOOKMARK [3][-]{subsubsection.7.25.3}{Initial Non-Repeating \(R1\) Tasks}{subsection.7.25}% 61
\BOOKMARK [3][-]{subsubsection.7.25.4}{Integer Cycling}{subsection.7.25}% 62
\BOOKMARK [2][-]{subsection.7.26}{Jinja2}{section.7}% 63
\BOOKMARK [2][-]{subsection.7.27}{Task Retry On Failure}{section.7}% 64
\BOOKMARK [2][-]{subsection.7.28}{Other Users' Suites}{section.7}% 65
\BOOKMARK [2][-]{subsection.7.29}{Other Things To Try}{section.7}% 66
\BOOKMARK [1][-]{section.8}{Suite Name Registration}{}% 67
\BOOKMARK [1][-]{section.9}{Suite Configuration}{}% 68
\BOOKMARK [2][-]{subsection.9.1}{Suite Configuration Directories}{section.9}% 69
\BOOKMARK [2][-]{subsection.9.2}{Suite.rc File Overview}{section.9}% 70
\BOOKMARK [3][-]{subsubsection.9.2.1}{Syntax}{subsection.9.2}% 71
\BOOKMARK [3][-]{subsubsection.9.2.2}{Include-Files}{subsection.9.2}% 72
\BOOKMARK [4][-]{paragraph.9.2.2.1}{Editing Temporarily Inlined Suites}{subsubsection.9.2.2}% 73
\BOOKMARK [4][-]{paragraph.9.2.2.2}{Include-Files via Jinja2}{subsubsection.9.2.2}% 74
\BOOKMARK [3][-]{subsubsection.9.2.3}{Syntax Highlighting For Suite Configuration}{subsection.9.2}% 75
\BOOKMARK [3][-]{subsubsection.9.2.4}{Gross File Structure}{subsection.9.2}% 76
\BOOKMARK [3][-]{subsubsection.9.2.5}{Validation}{subsection.9.2}% 77
\BOOKMARK [2][-]{subsection.9.3}{Scheduling - Dependency Graphs}{section.9}% 78
\BOOKMARK [3][-]{subsubsection.9.3.1}{Graph String Syntax}{subsection.9.3}% 79
\BOOKMARK [3][-]{subsubsection.9.3.2}{Interpreting Graph Strings}{subsection.9.3}% 80
\BOOKMARK [4][-]{paragraph.9.3.2.1}{Splitting Up Long Graph Lines}{subsubsection.9.3.2}% 81
\BOOKMARK [3][-]{subsubsection.9.3.3}{Graph Types}{subsection.9.3}% 82
\BOOKMARK [4][-]{paragraph.9.3.3.1}{One-off \(Non-Cycling\)}{subsubsection.9.3.3}% 83
\BOOKMARK [4][-]{paragraph.9.3.3.2}{Cycling Graphs}{subsubsection.9.3.3}% 84
\BOOKMARK [3][-]{subsubsection.9.3.4}{Graph Section Headings}{subsection.9.3}% 85
\BOOKMARK [4][-]{paragraph.9.3.4.1}{Syntax Rules}{subsubsection.9.3.4}% 86
\BOOKMARK [4][-]{paragraph.9.3.4.2}{Referencing The Initial And Final Cycle Points}{subsubsection.9.3.4}% 87
\BOOKMARK [4][-]{paragraph.9.3.4.3}{Excluding Dates}{subsubsection.9.3.4}% 88
\BOOKMARK [4][-]{paragraph.9.3.4.4}{Advanced exclusion syntax}{subsubsection.9.3.4}% 89
\BOOKMARK [4][-]{paragraph.9.3.4.5}{How Multiple Graph Strings Combine}{subsubsection.9.3.4}% 90
\BOOKMARK [4][-]{paragraph.9.3.4.6}{Advanced Examples}{subsubsection.9.3.4}% 91
\BOOKMARK [4][-]{paragraph.9.3.4.7}{Advanced Starting Up}{subsubsection.9.3.4}% 92
\BOOKMARK [4][-]{paragraph.9.3.4.8}{Integer Cycling}{subsubsection.9.3.4}% 93
\BOOKMARK [5][-]{subparagraph.9.3.4.8.1}{Example}{paragraph.9.3.4.8}% 94
\BOOKMARK [5][-]{subparagraph.9.3.4.8.2}{Advanced Integer Cycling Syntax}{paragraph.9.3.4.8}% 95
\BOOKMARK [3][-]{subsubsection.9.3.5}{Task Triggering}{subsection.9.3}% 96
\BOOKMARK [4][-]{paragraph.9.3.5.1}{Success Triggers}{subsubsection.9.3.5}% 97
\BOOKMARK [4][-]{paragraph.9.3.5.2}{Failure Triggers}{subsubsection.9.3.5}% 98
\BOOKMARK [4][-]{paragraph.9.3.5.3}{Start Triggers}{subsubsection.9.3.5}% 99
\BOOKMARK [4][-]{paragraph.9.3.5.4}{Finish Triggers}{subsubsection.9.3.5}% 100
\BOOKMARK [4][-]{paragraph.9.3.5.5}{Message Triggers}{subsubsection.9.3.5}% 101
\BOOKMARK [4][-]{paragraph.9.3.5.6}{Job Submission Triggers}{subsubsection.9.3.5}% 102
\BOOKMARK [4][-]{paragraph.9.3.5.7}{Conditional Triggers}{subsubsection.9.3.5}% 103
\BOOKMARK [4][-]{paragraph.9.3.5.8}{Suicide Triggers}{subsubsection.9.3.5}% 104
\BOOKMARK [4][-]{paragraph.9.3.5.9}{Family Triggers}{subsubsection.9.3.5}% 105
\BOOKMARK [4][-]{paragraph.9.3.5.10}{Efficient Inter-Family Triggering}{subsubsection.9.3.5}% 106
\BOOKMARK [4][-]{paragraph.9.3.5.11}{Inter-Cycle Triggers}{subsubsection.9.3.5}% 107
\BOOKMARK [4][-]{paragraph.9.3.5.12}{Special Sequential Tasks}{subsubsection.9.3.5}% 108
\BOOKMARK [4][-]{paragraph.9.3.5.13}{Future Triggers}{subsubsection.9.3.5}% 109
\BOOKMARK [4][-]{paragraph.9.3.5.14}{Clock Triggers}{subsubsection.9.3.5}% 110
\BOOKMARK [4][-]{paragraph.9.3.5.15}{Clock-Expire Triggers}{subsubsection.9.3.5}% 111
\BOOKMARK [4][-]{paragraph.9.3.5.16}{External Triggers}{subsubsection.9.3.5}% 112
\BOOKMARK [3][-]{subsubsection.9.3.6}{Model Restart Dependencies}{subsection.9.3}% 113
\BOOKMARK [3][-]{subsubsection.9.3.7}{How The Graph Determines Task Instantiation}{subsection.9.3}% 114
\BOOKMARK [2][-]{subsection.9.4}{Runtime - Task Configuration}{section.9}% 115
\BOOKMARK [3][-]{subsubsection.9.4.1}{Namespace Names}{subsection.9.4}% 116
\BOOKMARK [3][-]{subsubsection.9.4.2}{Root - Runtime Defaults}{subsection.9.4}% 117
\BOOKMARK [3][-]{subsubsection.9.4.3}{Defining Multiple Namespaces At Once}{subsection.9.4}% 118
\BOOKMARK [3][-]{subsubsection.9.4.4}{Runtime Inheritance - Single}{subsection.9.4}% 119
\BOOKMARK [3][-]{subsubsection.9.4.5}{Runtime Inheritance - Multiple}{subsection.9.4}% 120
\BOOKMARK [4][-]{paragraph.9.4.5.1}{Suite Visualization And Multiple Inheritance}{subsubsection.9.4.5}% 121
\BOOKMARK [3][-]{subsubsection.9.4.6}{How Runtime Inheritance Works}{subsection.9.4}% 122
\BOOKMARK [3][-]{subsubsection.9.4.7}{Task Execution Environment}{subsection.9.4}% 123
\BOOKMARK [4][-]{paragraph.9.4.7.1}{User Environment Variables}{subsubsection.9.4.7}% 124
\BOOKMARK [4][-]{paragraph.9.4.7.2}{Overriding Environment Variables}{subsubsection.9.4.7}% 125
\BOOKMARK [4][-]{paragraph.9.4.7.3}{Task Job Script Variables}{subsubsection.9.4.7}% 126
\BOOKMARK [4][-]{paragraph.9.4.7.4}{Suite Share Directories}{subsubsection.9.4.7}% 127
\BOOKMARK [4][-]{paragraph.9.4.7.5}{Task Work Directories}{subsubsection.9.4.7}% 128
\BOOKMARK [4][-]{paragraph.9.4.7.6}{Environment Variable Evaluation}{subsubsection.9.4.7}% 129
\BOOKMARK [3][-]{subsubsection.9.4.8}{How Tasks Get Access To The Suite Directory}{subsection.9.4}% 130
\BOOKMARK [3][-]{subsubsection.9.4.9}{Remote Task Hosting}{subsection.9.4}% 131
\BOOKMARK [4][-]{paragraph.9.4.9.1}{Dynamic Host Selection}{subsubsection.9.4.9}% 132
\BOOKMARK [4][-]{paragraph.9.4.9.2}{Remote Task Log Directories}{subsubsection.9.4.9}% 133
\BOOKMARK [2][-]{subsection.9.5}{Visualization}{section.9}% 134
\BOOKMARK [3][-]{subsubsection.9.5.1}{Collapsible Families In Suite Graphs}{subsection.9.5}% 135
\BOOKMARK [2][-]{subsection.9.6}{Parameterized Tasks}{section.9}% 136
\BOOKMARK [3][-]{subsubsection.9.6.1}{Parameter Expansion}{subsection.9.6}% 137
\BOOKMARK [4][-]{paragraph.9.6.1.1}{Zero-Padded Integer Values}{subsubsection.9.6.1}% 138
\BOOKMARK [4][-]{paragraph.9.6.1.2}{Parameters as Full Task Names}{subsubsection.9.6.1}% 139
\BOOKMARK [3][-]{subsubsection.9.6.2}{Passing Parameter Values To Tasks}{subsection.9.6}% 140
\BOOKMARK [3][-]{subsubsection.9.6.3}{Selecting Specific Parameter Values}{subsection.9.6}% 141
\BOOKMARK [3][-]{subsubsection.9.6.4}{Selecting Partial Parameter Ranges}{subsection.9.6}% 142
\BOOKMARK [3][-]{subsubsection.9.6.5}{Parameter Offsets In The Graph}{subsection.9.6}% 143
\BOOKMARK [3][-]{subsubsection.9.6.6}{Task Families And Parameterization}{subsection.9.6}% 144
\BOOKMARK [3][-]{subsubsection.9.6.7}{Parameterized Cycling}{subsection.9.6}% 145
\BOOKMARK [4][-]{paragraph.9.6.7.1}{Cycle Point And Parameter Offsets At Start-Up}{subsubsection.9.6.7}% 146
\BOOKMARK [2][-]{subsection.9.7}{Jinja2}{section.9}% 147
\BOOKMARK [3][-]{subsubsection.9.7.1}{Accessing Environment Variables With Jinja2}{subsection.9.7}% 148
\BOOKMARK [3][-]{subsubsection.9.7.2}{Custom Jinja2 Filters, Tests and Globals}{subsection.9.7}% 149
\BOOKMARK [4][-]{paragraph.9.7.2.1}{pad}{subsubsection.9.7.2}% 150
\BOOKMARK [4][-]{paragraph.9.7.2.2}{strftime}{subsubsection.9.7.2}% 151
\BOOKMARK [4][-]{paragraph.9.7.2.3}{duration\137as}{subsubsection.9.7.2}% 152
\BOOKMARK [3][-]{subsubsection.9.7.3}{Associative Arrays In Jinja2}{subsection.9.7}% 153
\BOOKMARK [3][-]{subsubsection.9.7.4}{Jinja2 Default Values And Template Inputs}{subsection.9.7}% 154
\BOOKMARK [3][-]{subsubsection.9.7.5}{Jinja2 Variable Scope}{subsection.9.7}% 155
\BOOKMARK [3][-]{subsubsection.9.7.6}{Raising Exceptions}{subsection.9.7}% 156
\BOOKMARK [4][-]{paragraph.9.7.6.1}{Raise}{subsubsection.9.7.6}% 157
\BOOKMARK [4][-]{paragraph.9.7.6.2}{Assert}{subsubsection.9.7.6}% 158
\BOOKMARK [3][-]{subsubsection.9.7.7}{Importing additional Python modules}{subsection.9.7}% 159
\BOOKMARK [2][-]{subsection.9.8}{EmPy}{section.9}% 160
\BOOKMARK [2][-]{subsection.9.9}{Omitting Tasks At Runtime}{section.9}% 161
\BOOKMARK [2][-]{subsection.9.10}{Naked Dummy Tasks And Strict Validation}{section.9}% 162
\BOOKMARK [1][-]{section.10}{Task Implementation}{}% 163
\BOOKMARK [2][-]{subsection.10.1}{Task Job Scripts}{section.10}% 164
\BOOKMARK [2][-]{subsection.10.2}{Inlined Tasks}{section.10}% 165
\BOOKMARK [2][-]{subsection.10.3}{Task Messages}{section.10}% 166
\BOOKMARK [2][-]{subsection.10.4}{Aborting Job Scripts on Error}{section.10}% 167
\BOOKMARK [3][-]{subsubsection.10.4.1}{Custom Failure Messages}{subsection.10.4}% 168
\BOOKMARK [2][-]{subsection.10.5}{Avoid Detaching Processes}{section.10}% 169
\BOOKMARK [1][-]{section.11}{Task Job Submission and Management}{}% 170
\BOOKMARK [2][-]{subsection.11.1}{Supported Job Submission Methods}{section.11}% 171
\BOOKMARK [3][-]{subsubsection.11.1.1}{background}{subsection.11.1}% 172
\BOOKMARK [3][-]{subsubsection.11.1.2}{at}{subsection.11.1}% 173
\BOOKMARK [3][-]{subsubsection.11.1.3}{loadleveler}{subsection.11.1}% 174
\BOOKMARK [3][-]{subsubsection.11.1.4}{lsf}{subsection.11.1}% 175
\BOOKMARK [3][-]{subsubsection.11.1.5}{pbs}{subsection.11.1}% 176
\BOOKMARK [3][-]{subsubsection.11.1.6}{moab}{subsection.11.1}% 177
\BOOKMARK [3][-]{subsubsection.11.1.7}{sge}{subsection.11.1}% 178
\BOOKMARK [3][-]{subsubsection.11.1.8}{slurm}{subsection.11.1}% 179
\BOOKMARK [3][-]{subsubsection.11.1.9}{Default Directives Provided}{subsection.11.1}% 180
\BOOKMARK [3][-]{subsubsection.11.1.10}{Directives Section Quirks \(PBS, SGE, ...\) }{subsection.11.1}% 181
\BOOKMARK [2][-]{subsection.11.2}{Task stdout And stderr Logs}{section.11}% 182
\BOOKMARK [2][-]{subsection.11.3}{Overriding The Job Submission Command}{section.11}% 183
\BOOKMARK [2][-]{subsection.11.4}{Job Polling}{section.11}% 184
\BOOKMARK [2][-]{subsection.11.5}{Job Killing}{section.11}% 185
\BOOKMARK [2][-]{subsection.11.6}{Execution Time Limit}{section.11}% 186
\BOOKMARK [3][-]{subsubsection.11.6.1}{Execution Time Limit and Execution Timeout}{subsection.11.6}% 187
\BOOKMARK [2][-]{subsection.11.7}{Custom Job Submission Methods}{section.11}% 188
\BOOKMARK [3][-]{subsubsection.11.7.1}{An Example}{subsection.11.7}% 189
\BOOKMARK [3][-]{subsubsection.11.7.2}{Where To Put Batch System Handler Modules}{subsection.11.7}% 190
\BOOKMARK [1][-]{section.12}{External Triggers}{}% 191
\BOOKMARK [2][-]{subsection.12.1}{Built-in Clock Triggers}{section.12}% 192
\BOOKMARK [2][-]{subsection.12.2}{Built-in Suite State Triggers}{section.12}% 193
\BOOKMARK [2][-]{subsection.12.3}{Custom Trigger Functions}{section.12}% 194
\BOOKMARK [3][-]{subsubsection.12.3.1}{Toy Examples}{subsection.12.3}% 195
\BOOKMARK [4][-]{paragraph.12.3.1.1}{echo}{subsubsection.12.3.1}% 196
\BOOKMARK [4][-]{paragraph.12.3.1.2}{xrandom}{subsubsection.12.3.1}% 197
\BOOKMARK [2][-]{subsection.12.4}{Current Limitations}{section.12}% 198
\BOOKMARK [2][-]{subsection.12.5}{Filesystem Events?}{section.12}% 199
\BOOKMARK [2][-]{subsection.12.6}{Continuous Event Watchers?}{section.12}% 200
\BOOKMARK [2][-]{subsection.12.7}{Old-Style External Triggers \(Deprecated\)}{section.12}% 201
\BOOKMARK [1][-]{section.13}{Running Suites}{}% 202
\BOOKMARK [2][-]{subsection.13.1}{Suite Start-Up}{section.13}% 203
\BOOKMARK [3][-]{subsubsection.13.1.1}{Cold Start}{subsection.13.1}% 204
\BOOKMARK [3][-]{subsubsection.13.1.2}{Warm Start}{subsection.13.1}% 205
\BOOKMARK [3][-]{subsubsection.13.1.3}{Restart and Suite State Checkpoints}{subsection.13.1}% 206
\BOOKMARK [4][-]{paragraph.13.1.3.1}{Restart From Latest Checkpoint}{subsubsection.13.1.3}% 207
\BOOKMARK [4][-]{paragraph.13.1.3.2}{Restart From Another Checkpoint}{subsubsection.13.1.3}% 208
\BOOKMARK [4][-]{paragraph.13.1.3.3}{Checkpointing With A Task}{subsubsection.13.1.3}% 209
\BOOKMARK [4][-]{paragraph.13.1.3.4}{Behaviour of Tasks on Restart}{subsubsection.13.1.3}% 210
\BOOKMARK [2][-]{subsection.13.2}{Reloading The Suite Configuration At Runtime}{section.13}% 211
\BOOKMARK [2][-]{subsection.13.3}{Task Job Access To Cylc}{section.13}% 212
\BOOKMARK [2][-]{subsection.13.4}{The Suite Contact File}{section.13}% 213
\BOOKMARK [2][-]{subsection.13.5}{Task Job Polling}{section.13}% 214
\BOOKMARK [3][-]{subsubsection.13.5.1}{Routine Polling}{subsection.13.5}% 215
\BOOKMARK [2][-]{subsection.13.6}{Tracking Task State}{section.13}% 216
\BOOKMARK [3][-]{subsubsection.13.6.1}{HTTPS Task Messaging}{subsection.13.6}% 217
\BOOKMARK [3][-]{subsubsection.13.6.2}{Ssh Task Messaging}{subsection.13.6}% 218
\BOOKMARK [3][-]{subsubsection.13.6.3}{Polling to Track Job Status}{subsection.13.6}% 219
\BOOKMARK [3][-]{subsubsection.13.6.4}{Task Communications Configuration}{subsection.13.6}% 220
\BOOKMARK [2][-]{subsection.13.7}{The Suite Service Directory}{section.13}% 221
\BOOKMARK [2][-]{subsection.13.8}{File-Reading Commands}{section.13}% 222
\BOOKMARK [3][-]{subsubsection.13.8.1}{Remote Host, Shared Home Directory}{subsection.13.8}% 223
\BOOKMARK [3][-]{subsubsection.13.8.2}{Remote Host, Different Home Directory}{subsection.13.8}% 224
\BOOKMARK [3][-]{subsubsection.13.8.3}{Same Host, Different User Account}{subsection.13.8}% 225
\BOOKMARK [2][-]{subsection.13.9}{Client-Server Interaction}{section.13}% 226
\BOOKMARK [3][-]{subsubsection.13.9.1}{Public Access - No Auth Files}{subsection.13.9}% 227
\BOOKMARK [3][-]{subsubsection.13.9.2}{Full Control - With Auth Files}{subsection.13.9}% 228
\BOOKMARK [2][-]{subsection.13.10}{GUI-to-Suite Interaction}{section.13}% 229
\BOOKMARK [2][-]{subsection.13.11}{Remote Control}{section.13}% 230
\BOOKMARK [2][-]{subsection.13.12}{Scan And Gscan}{section.13}% 231
\BOOKMARK [2][-]{subsection.13.13}{Task States Explained}{section.13}% 232
\BOOKMARK [2][-]{subsection.13.14}{What The Suite Control GUI Shows}{section.13}% 233
\BOOKMARK [2][-]{subsection.13.15}{Network Connection Timeouts}{section.13}% 234
\BOOKMARK [2][-]{subsection.13.16}{Runahead Limiting}{section.13}% 235
\BOOKMARK [2][-]{subsection.13.17}{Limiting Activity With Internal Queues}{section.13}% 236
\BOOKMARK [2][-]{subsection.13.18}{Automatic Task Retry On Failure}{section.13}% 237
\BOOKMARK [2][-]{subsection.13.19}{Task Event Handling}{section.13}% 238
\BOOKMARK [3][-]{subsubsection.13.19.1}{Late Events}{subsection.13.19}% 239
\BOOKMARK [2][-]{subsection.13.20}{Managing External Command Execution}{section.13}% 240
\BOOKMARK [2][-]{subsection.13.21}{Handling Job Preemption}{section.13}% 241
\BOOKMARK [2][-]{subsection.13.22}{Manual Task Triggering and Edit-Run}{section.13}% 242
\BOOKMARK [2][-]{subsection.13.23}{Cylc Broadcast}{section.13}% 243
\BOOKMARK [2][-]{subsection.13.24}{The Meaning And Use Of Initial Cycle Point}{section.13}% 244
\BOOKMARK [3][-]{subsubsection.13.24.1}{CYLC\137SUITE\137INITIAL\137CYCLE\137POINT}{subsection.13.24}% 245
\BOOKMARK [2][-]{subsection.13.25}{Simulating Suite Behaviour}{section.13}% 246
\BOOKMARK [3][-]{subsubsection.13.25.1}{Proportional Simulated Run Length}{subsection.13.25}% 247
\BOOKMARK [3][-]{subsubsection.13.25.2}{Limitations Of Suite Simulation}{subsection.13.25}% 248
\BOOKMARK [3][-]{subsubsection.13.25.3}{Restarting Suites With A Different Run Mode?}{subsection.13.25}% 249
\BOOKMARK [2][-]{subsection.13.26}{Automated Reference Test Suites}{section.13}% 250
\BOOKMARK [3][-]{subsubsection.13.26.1}{Roll-your-own Reference Tests}{subsection.13.26}% 251
\BOOKMARK [2][-]{subsection.13.27}{Triggering Off Of Tasks In Other Suites}{section.13}% 252
\BOOKMARK [2][-]{subsection.13.28}{Suite Server Logs}{section.13}% 253
\BOOKMARK [2][-]{subsection.13.29}{Suite Run Databases}{section.13}% 254
\BOOKMARK [2][-]{subsection.13.30}{Disaster Recovery}{section.13}% 255
\BOOKMARK [2][-]{subsection.13.31}{Auto Stop-Restart}{section.13}% 256
\BOOKMARK [1][-]{section.14}{Suite Storage, Discovery, Revision Control, and Deployment}{}% 257
\BOOKMARK [2][-]{subsection.14.1}{Rose}{section.14}% 258
\BOOKMARK [1][-]{appendix.A}{Suite.rc Reference}{}% 259
\BOOKMARK [2][-]{subsection.A.1}{Top Level Items}{appendix.A}% 260
\BOOKMARK [2][-]{subsection.A.2}{[meta]}{appendix.A}% 261
\BOOKMARK [3][-]{subsubsection.A.2.1}{title}{subsection.A.2}% 262
\BOOKMARK [3][-]{subsubsection.A.2.2}{description}{subsection.A.2}% 263
\BOOKMARK [3][-]{subsubsection.A.2.3}{URL}{subsection.A.2}% 264
\BOOKMARK [3][-]{subsubsection.A.2.4}{group}{subsection.A.2}% 265
\BOOKMARK [3][-]{subsubsection.A.2.5}{\137\137MANY\137\137}{subsection.A.2}% 266
\BOOKMARK [2][-]{subsection.A.3}{[cylc]}{appendix.A}% 267
\BOOKMARK [3][-]{subsubsection.A.3.1}{required run mode}{subsection.A.3}% 268
\BOOKMARK [3][-]{subsubsection.A.3.2}{UTC mode}{subsection.A.3}% 269
\BOOKMARK [3][-]{subsubsection.A.3.3}{cycle point format}{subsection.A.3}% 270
\BOOKMARK [3][-]{subsubsection.A.3.4}{cycle point num expanded year digits}{subsection.A.3}% 271
\BOOKMARK [3][-]{subsubsection.A.3.5}{cycle point time zone}{subsection.A.3}% 272
\BOOKMARK [3][-]{subsubsection.A.3.6}{abort if any task fails}{subsection.A.3}% 273
\BOOKMARK [3][-]{subsubsection.A.3.7}{health check interval}{subsection.A.3}% 274
\BOOKMARK [3][-]{subsubsection.A.3.8}{task event mail interval}{subsection.A.3}% 275
\BOOKMARK [3][-]{subsubsection.A.3.9}{disable automatic shutdown}{subsection.A.3}% 276
\BOOKMARK [3][-]{subsubsection.A.3.10}{log resolved dependencies}{subsection.A.3}% 277
\BOOKMARK [3][-]{subsubsection.A.3.11}{[[parameters]]}{subsection.A.3}% 278
\BOOKMARK [3][-]{subsubsection.A.3.12}{[[parameter templates]]}{subsection.A.3}% 279
\BOOKMARK [3][-]{subsubsection.A.3.13}{[[events]]}{subsection.A.3}% 280
\BOOKMARK [4][-]{paragraph.A.3.13.1}{EVENT handler}{subsubsection.A.3.13}% 281
\BOOKMARK [4][-]{paragraph.A.3.13.2}{handlers}{subsubsection.A.3.13}% 282
\BOOKMARK [4][-]{paragraph.A.3.13.3}{handler events}{subsubsection.A.3.13}% 283
\BOOKMARK [4][-]{paragraph.A.3.13.4}{mail events}{subsubsection.A.3.13}% 284
\BOOKMARK [4][-]{paragraph.A.3.13.5}{mail footer}{subsubsection.A.3.13}% 285
\BOOKMARK [4][-]{paragraph.A.3.13.6}{mail from}{subsubsection.A.3.13}% 286
\BOOKMARK [4][-]{paragraph.A.3.13.7}{mail smtp}{subsubsection.A.3.13}% 287
\BOOKMARK [4][-]{paragraph.A.3.13.8}{mail to}{subsubsection.A.3.13}% 288
\BOOKMARK [4][-]{paragraph.A.3.13.9}{timeout}{subsubsection.A.3.13}% 289
\BOOKMARK [4][-]{paragraph.A.3.13.10}{inactivity}{subsubsection.A.3.13}% 290
\BOOKMARK [4][-]{paragraph.A.3.13.11}{reset timer}{subsubsection.A.3.13}% 291
\BOOKMARK [4][-]{paragraph.A.3.13.12}{abort on stalled}{subsubsection.A.3.13}% 292
\BOOKMARK [4][-]{paragraph.A.3.13.13}{abort on timeout}{subsubsection.A.3.13}% 293
\BOOKMARK [4][-]{paragraph.A.3.13.14}{abort on inactivity}{subsubsection.A.3.13}% 294
\BOOKMARK [4][-]{paragraph.A.3.13.15}{abort if startup handler fails}{subsubsection.A.3.13}% 295
\BOOKMARK [3][-]{subsubsection.A.3.14}{[[environment]] }{subsection.A.3}% 296
\BOOKMARK [4][-]{paragraph.A.3.14.1}{\137\137VARIABLE\137\137 }{subsubsection.A.3.14}% 297
\BOOKMARK [3][-]{subsubsection.A.3.15}{[[reference test]]}{subsection.A.3}% 298
\BOOKMARK [4][-]{paragraph.A.3.15.1}{suite shutdown event handler}{subsubsection.A.3.15}% 299
\BOOKMARK [4][-]{paragraph.A.3.15.2}{required run mode}{subsubsection.A.3.15}% 300
\BOOKMARK [4][-]{paragraph.A.3.15.3}{allow task failures}{subsubsection.A.3.15}% 301
\BOOKMARK [4][-]{paragraph.A.3.15.4}{expected task failures}{subsubsection.A.3.15}% 302
\BOOKMARK [4][-]{paragraph.A.3.15.5}{live mode suite timeout}{subsubsection.A.3.15}% 303
\BOOKMARK [4][-]{paragraph.A.3.15.6}{simulation mode suite timeout}{subsubsection.A.3.15}% 304
\BOOKMARK [4][-]{paragraph.A.3.15.7}{dummy mode suite timeout}{subsubsection.A.3.15}% 305
\BOOKMARK [3][-]{subsubsection.A.3.16}{[[authentication]]}{subsection.A.3}% 306
\BOOKMARK [4][-]{paragraph.A.3.16.1}{public}{subsubsection.A.3.16}% 307
\BOOKMARK [3][-]{subsubsection.A.3.17}{[[simulation]] }{subsection.A.3}% 308
\BOOKMARK [4][-]{paragraph.A.3.17.1}{disable suite event handlers}{subsubsection.A.3.17}% 309
\BOOKMARK [2][-]{subsection.A.4}{[scheduling]}{appendix.A}% 310
\BOOKMARK [3][-]{subsubsection.A.4.1}{cycling}{subsection.A.4}% 311
\BOOKMARK [3][-]{subsubsection.A.4.2}{initial cycle point}{subsection.A.4}% 312
\BOOKMARK [3][-]{subsubsection.A.4.3}{final cycle point}{subsection.A.4}% 313
\BOOKMARK [3][-]{subsubsection.A.4.4}{initial cycle point constraints}{subsection.A.4}% 314
\BOOKMARK [3][-]{subsubsection.A.4.5}{final cycle point constraints}{subsection.A.4}% 315
\BOOKMARK [3][-]{subsubsection.A.4.6}{hold after point}{subsection.A.4}% 316
\BOOKMARK [3][-]{subsubsection.A.4.7}{runahead limit}{subsection.A.4}% 317
\BOOKMARK [3][-]{subsubsection.A.4.8}{max active cycle points}{subsection.A.4}% 318
\BOOKMARK [3][-]{subsubsection.A.4.9}{spawn to max active cycle points}{subsection.A.4}% 319
\BOOKMARK [3][-]{subsubsection.A.4.10}{[[queues]]}{subsection.A.4}% 320
\BOOKMARK [4][-]{paragraph.A.4.10.1}{[[[\137\137QUEUE\137\137]]]}{subsubsection.A.4.10}% 321
\BOOKMARK [4][-]{paragraph.A.4.10.2}{limit}{subsubsection.A.4.10}% 322
\BOOKMARK [4][-]{paragraph.A.4.10.3}{members}{subsubsection.A.4.10}% 323
\BOOKMARK [3][-]{subsubsection.A.4.11}{[[xtriggers]]}{subsection.A.4}% 324
\BOOKMARK [4][-]{paragraph.A.4.11.1}{\137\137MANY\137\137}{subsubsection.A.4.11}% 325
\BOOKMARK [3][-]{subsubsection.A.4.12}{[[special tasks]]}{subsection.A.4}% 326
\BOOKMARK [4][-]{paragraph.A.4.12.1}{clock-trigger}{subsubsection.A.4.12}% 327
\BOOKMARK [4][-]{paragraph.A.4.12.2}{clock-expire}{subsubsection.A.4.12}% 328
\BOOKMARK [4][-]{paragraph.A.4.12.3}{external-trigger}{subsubsection.A.4.12}% 329
\BOOKMARK [4][-]{paragraph.A.4.12.4}{sequential}{subsubsection.A.4.12}% 330
\BOOKMARK [4][-]{paragraph.A.4.12.5}{exclude at start-up}{subsubsection.A.4.12}% 331
\BOOKMARK [4][-]{paragraph.A.4.12.6}{include at start-up}{subsubsection.A.4.12}% 332
\BOOKMARK [3][-]{subsubsection.A.4.13}{[[dependencies]]}{subsection.A.4}% 333
\BOOKMARK [4][-]{paragraph.A.4.13.1}{graph}{subsubsection.A.4.13}% 334
\BOOKMARK [4][-]{paragraph.A.4.13.2}{[[[\137\137RECURRENCE\137\137]]]}{subsubsection.A.4.13}% 335
\BOOKMARK [5][-]{subparagraph.A.4.13.2.1}{graph}{paragraph.A.4.13.2}% 336
\BOOKMARK [2][-]{subsection.A.5}{[runtime]}{appendix.A}% 337
\BOOKMARK [3][-]{subsubsection.A.5.1}{[[\137\137NAME\137\137]]}{subsection.A.5}% 338
\BOOKMARK [4][-]{paragraph.A.5.1.1}{inherit}{subsubsection.A.5.1}% 339
\BOOKMARK [4][-]{paragraph.A.5.1.2}{inherit}{subsubsection.A.5.1}% 340
\BOOKMARK [4][-]{paragraph.A.5.1.3}{init-script}{subsubsection.A.5.1}% 341
\BOOKMARK [4][-]{paragraph.A.5.1.4}{env-script}{subsubsection.A.5.1}% 342
\BOOKMARK [4][-]{paragraph.A.5.1.5}{exit-script}{subsubsection.A.5.1}% 343
\BOOKMARK [4][-]{paragraph.A.5.1.6}{err-script}{subsubsection.A.5.1}% 344
\BOOKMARK [4][-]{paragraph.A.5.1.7}{pre-script}{subsubsection.A.5.1}% 345
\BOOKMARK [4][-]{paragraph.A.5.1.8}{script}{subsubsection.A.5.1}% 346
\BOOKMARK [4][-]{paragraph.A.5.1.9}{post-script}{subsubsection.A.5.1}% 347
\BOOKMARK [4][-]{paragraph.A.5.1.10}{work sub-directory}{subsubsection.A.5.1}% 348
\BOOKMARK [4][-]{paragraph.A.5.1.11}{[[[meta]]]}{subsubsection.A.5.1}% 349
\BOOKMARK [5][-]{subparagraph.A.5.1.11.1}{title}{paragraph.A.5.1.11}% 350
\BOOKMARK [5][-]{subparagraph.A.5.1.11.2}{description}{paragraph.A.5.1.11}% 351
\BOOKMARK [5][-]{subparagraph.A.5.1.11.3}{URL}{paragraph.A.5.1.11}% 352
\BOOKMARK [5][-]{subparagraph.A.5.1.11.4}{\137\137MANY\137\137}{paragraph.A.5.1.11}% 353
\BOOKMARK [4][-]{paragraph.A.5.1.12}{[[[job]]]}{subsubsection.A.5.1}% 354
\BOOKMARK [5][-]{subparagraph.A.5.1.12.1}{batch system}{paragraph.A.5.1.12}% 355
\BOOKMARK [5][-]{subparagraph.A.5.1.12.2}{execution time limit}{paragraph.A.5.1.12}% 356
\BOOKMARK [5][-]{subparagraph.A.5.1.12.3}{batch submit command template}{paragraph.A.5.1.12}% 357
\BOOKMARK [5][-]{subparagraph.A.5.1.12.4}{shell}{paragraph.A.5.1.12}% 358
\BOOKMARK [5][-]{subparagraph.A.5.1.12.5}{submission retry delays}{paragraph.A.5.1.12}% 359
\BOOKMARK [5][-]{subparagraph.A.5.1.12.6}{execution retry delays}{paragraph.A.5.1.12}% 360
\BOOKMARK [5][-]{subparagraph.A.5.1.12.7}{submission polling intervals}{paragraph.A.5.1.12}% 361
\BOOKMARK [5][-]{subparagraph.A.5.1.12.8}{execution polling intervals}{paragraph.A.5.1.12}% 362
\BOOKMARK [4][-]{paragraph.A.5.1.13}{[[[remote]]]}{subsubsection.A.5.1}% 363
\BOOKMARK [5][-]{subparagraph.A.5.1.13.1}{host}{paragraph.A.5.1.13}% 364
\BOOKMARK [5][-]{subparagraph.A.5.1.13.2}{owner}{paragraph.A.5.1.13}% 365
\BOOKMARK [5][-]{subparagraph.A.5.1.13.3}{retrieve job logs}{paragraph.A.5.1.13}% 366
\BOOKMARK [5][-]{subparagraph.A.5.1.13.4}{retrieve job logs max size}{paragraph.A.5.1.13}% 367
\BOOKMARK [5][-]{subparagraph.A.5.1.13.5}{retrieve job logs retry delays}{paragraph.A.5.1.13}% 368
\BOOKMARK [5][-]{subparagraph.A.5.1.13.6}{suite definition directory}{paragraph.A.5.1.13}% 369
\BOOKMARK [4][-]{paragraph.A.5.1.14}{[[[events]]]}{subsubsection.A.5.1}% 370
\BOOKMARK [5][-]{subparagraph.A.5.1.14.1}{EVENT handler}{paragraph.A.5.1.14}% 371
\BOOKMARK [5][-]{subparagraph.A.5.1.14.2}{submission timeout}{paragraph.A.5.1.14}% 372
\BOOKMARK [5][-]{subparagraph.A.5.1.14.3}{execution timeout}{paragraph.A.5.1.14}% 373
\BOOKMARK [5][-]{subparagraph.A.5.1.14.4}{reset timer}{paragraph.A.5.1.14}% 374
\BOOKMARK [5][-]{subparagraph.A.5.1.14.5}{handlers}{paragraph.A.5.1.14}% 375
\BOOKMARK [5][-]{subparagraph.A.5.1.14.6}{handler events}{paragraph.A.5.1.14}% 376
\BOOKMARK [5][-]{subparagraph.A.5.1.14.7}{handler retry delays}{paragraph.A.5.1.14}% 377
\BOOKMARK [5][-]{subparagraph.A.5.1.14.8}{mail events}{paragraph.A.5.1.14}% 378
\BOOKMARK [5][-]{subparagraph.A.5.1.14.9}{mail from}{paragraph.A.5.1.14}% 379
\BOOKMARK [5][-]{subparagraph.A.5.1.14.10}{mail retry delays}{paragraph.A.5.1.14}% 380
\BOOKMARK [5][-]{subparagraph.A.5.1.14.11}{mail smtp}{paragraph.A.5.1.14}% 381
\BOOKMARK [5][-]{subparagraph.A.5.1.14.12}{mail to}{paragraph.A.5.1.14}% 382
\BOOKMARK [4][-]{paragraph.A.5.1.15}{[[[environment]]]}{subsubsection.A.5.1}% 383
\BOOKMARK [5][-]{subparagraph.A.5.1.15.1}{\137\137VARIABLE\137\137 }{paragraph.A.5.1.15}% 384
\BOOKMARK [4][-]{paragraph.A.5.1.16}{[[[environment filter]]]}{subsubsection.A.5.1}% 385
\BOOKMARK [5][-]{subparagraph.A.5.1.16.1}{include}{paragraph.A.5.1.16}% 386
\BOOKMARK [5][-]{subparagraph.A.5.1.16.2}{exclude}{paragraph.A.5.1.16}% 387
\BOOKMARK [4][-]{paragraph.A.5.1.17}{[[[parameter environment templates]]]}{subsubsection.A.5.1}% 388
\BOOKMARK [5][-]{subparagraph.A.5.1.17.1}{\137\137VARIABLE\137\137 }{paragraph.A.5.1.17}% 389
\BOOKMARK [4][-]{paragraph.A.5.1.18}{[[[directives]]]}{subsubsection.A.5.1}% 390
\BOOKMARK [5][-]{subparagraph.A.5.1.18.1}{\137\137DIRECTIVE\137\137 }{paragraph.A.5.1.18}% 391
\BOOKMARK [4][-]{paragraph.A.5.1.19}{[[[outputs]]]}{subsubsection.A.5.1}% 392
\BOOKMARK [5][-]{subparagraph.A.5.1.19.1}{\137\137OUTPUT\137\137 }{paragraph.A.5.1.19}% 393
\BOOKMARK [4][-]{paragraph.A.5.1.20}{[[[suite state polling]]]}{subsubsection.A.5.1}% 394
\BOOKMARK [5][-]{subparagraph.A.5.1.20.1}{run-dir}{paragraph.A.5.1.20}% 395
\BOOKMARK [5][-]{subparagraph.A.5.1.20.2}{interval}{paragraph.A.5.1.20}% 396
\BOOKMARK [5][-]{subparagraph.A.5.1.20.3}{max-polls}{paragraph.A.5.1.20}% 397
\BOOKMARK [5][-]{subparagraph.A.5.1.20.4}{user}{paragraph.A.5.1.20}% 398
\BOOKMARK [5][-]{subparagraph.A.5.1.20.5}{host}{paragraph.A.5.1.20}% 399
\BOOKMARK [5][-]{subparagraph.A.5.1.20.6}{host}{paragraph.A.5.1.20}% 400
\BOOKMARK [5][-]{subparagraph.A.5.1.20.7}{verbose}{paragraph.A.5.1.20}% 401
\BOOKMARK [4][-]{paragraph.A.5.1.21}{[[[simulation]]]}{subsubsection.A.5.1}% 402
\BOOKMARK [5][-]{subparagraph.A.5.1.21.1}{default run length}{paragraph.A.5.1.21}% 403
\BOOKMARK [5][-]{subparagraph.A.5.1.21.2}{speedup factor}{paragraph.A.5.1.21}% 404
\BOOKMARK [5][-]{subparagraph.A.5.1.21.3}{time limit buffer}{paragraph.A.5.1.21}% 405
\BOOKMARK [5][-]{subparagraph.A.5.1.21.4}{fail cycle points}{paragraph.A.5.1.21}% 406
\BOOKMARK [5][-]{subparagraph.A.5.1.21.5}{fail try 1 only}{paragraph.A.5.1.21}% 407
\BOOKMARK [5][-]{subparagraph.A.5.1.21.6}{disable task event handlers}{paragraph.A.5.1.21}% 408
\BOOKMARK [2][-]{subsection.A.6}{[visualization]}{appendix.A}% 409
\BOOKMARK [3][-]{subsubsection.A.6.1}{initial cycle point}{subsection.A.6}% 410
\BOOKMARK [3][-]{subsubsection.A.6.2}{final cycle point}{subsection.A.6}% 411
\BOOKMARK [3][-]{subsubsection.A.6.3}{number of cycle points}{subsection.A.6}% 412
\BOOKMARK [3][-]{subsubsection.A.6.4}{collapsed families}{subsection.A.6}% 413
\BOOKMARK [3][-]{subsubsection.A.6.5}{use node color for edges}{subsection.A.6}% 414
\BOOKMARK [3][-]{subsubsection.A.6.6}{use node fillcolor for edges}{subsection.A.6}% 415
\BOOKMARK [3][-]{subsubsection.A.6.7}{node penwidth}{subsection.A.6}% 416
\BOOKMARK [3][-]{subsubsection.A.6.8}{edge penwidth}{subsection.A.6}% 417
\BOOKMARK [3][-]{subsubsection.A.6.9}{use node color for labels}{subsection.A.6}% 418
\BOOKMARK [3][-]{subsubsection.A.6.10}{default node attributes}{subsection.A.6}% 419
\BOOKMARK [3][-]{subsubsection.A.6.11}{default edge attributes}{subsection.A.6}% 420
\BOOKMARK [3][-]{subsubsection.A.6.12}{[[node groups]]}{subsection.A.6}% 421
\BOOKMARK [4][-]{paragraph.A.6.12.1}{\137\137GROUP\137\137}{subsubsection.A.6.12}% 422
\BOOKMARK [3][-]{subsubsection.A.6.13}{[[node attributes]]}{subsection.A.6}% 423
\BOOKMARK [4][-]{paragraph.A.6.13.1}{\137\137NAME\137\137}{subsubsection.A.6.13}% 424
\BOOKMARK [1][-]{appendix.B}{Global \(Site, User\) Config File Reference}{}% 425
\BOOKMARK [2][-]{subsection.B.1}{Top Level Items}{appendix.B}% 426
\BOOKMARK [3][-]{subsubsection.B.1.1}{temporary directory}{subsection.B.1}% 427
\BOOKMARK [3][-]{subsubsection.B.1.2}{process pool size}{subsection.B.1}% 428
\BOOKMARK [3][-]{subsubsection.B.1.3}{process pool timeout}{subsection.B.1}% 429
\BOOKMARK [3][-]{subsubsection.B.1.4}{disable interactive command prompts}{subsection.B.1}% 430
\BOOKMARK [3][-]{subsubsection.B.1.5}{enable run directory housekeeping}{subsection.B.1}% 431
\BOOKMARK [3][-]{subsubsection.B.1.6}{run directory rolling archive length}{subsection.B.1}% 432
\BOOKMARK [3][-]{subsubsection.B.1.7}{task host select command timeout}{subsection.B.1}% 433
\BOOKMARK [2][-]{subsection.B.2}{[task messaging]}{appendix.B}% 434
\BOOKMARK [3][-]{subsubsection.B.2.1}{retry interval}{subsection.B.2}% 435
\BOOKMARK [3][-]{subsubsection.B.2.2}{maximum number of tries}{subsection.B.2}% 436
\BOOKMARK [3][-]{subsubsection.B.2.3}{connection timeout}{subsection.B.2}% 437
\BOOKMARK [2][-]{subsection.B.3}{[suite logging]}{appendix.B}% 438
\BOOKMARK [3][-]{subsubsection.B.3.1}{rolling archive length}{subsection.B.3}% 439
\BOOKMARK [3][-]{subsubsection.B.3.2}{maximum size in bytes}{subsection.B.3}% 440
\BOOKMARK [2][-]{subsection.B.4}{[documentation]}{appendix.B}% 441
\BOOKMARK [3][-]{subsubsection.B.4.1}{[[files]]}{subsection.B.4}% 442
\BOOKMARK [4][-]{paragraph.B.4.1.1}{html index}{subsubsection.B.4.1}% 443
\BOOKMARK [4][-]{paragraph.B.4.1.2}{pdf user guide}{subsubsection.B.4.1}% 444
\BOOKMARK [4][-]{paragraph.B.4.1.3}{multi-page html user guide}{subsubsection.B.4.1}% 445
\BOOKMARK [4][-]{paragraph.B.4.1.4}{single-page html user guide}{subsubsection.B.4.1}% 446
\BOOKMARK [3][-]{subsubsection.B.4.2}{[[urls]]}{subsection.B.4}% 447
\BOOKMARK [4][-]{paragraph.B.4.2.1}{internet homepage}{subsubsection.B.4.2}% 448
\BOOKMARK [4][-]{paragraph.B.4.2.2}{local index}{subsubsection.B.4.2}% 449
\BOOKMARK [2][-]{subsection.B.5}{[document viewers]}{appendix.B}% 450
\BOOKMARK [3][-]{subsubsection.B.5.1}{pdf}{subsection.B.5}% 451
\BOOKMARK [3][-]{subsubsection.B.5.2}{html}{subsection.B.5}% 452
\BOOKMARK [2][-]{subsection.B.6}{[editors]}{appendix.B}% 453
\BOOKMARK [3][-]{subsubsection.B.6.1}{terminal}{subsection.B.6}% 454
\BOOKMARK [3][-]{subsubsection.B.6.2}{gui}{subsection.B.6}% 455
\BOOKMARK [2][-]{subsection.B.7}{[communication]}{appendix.B}% 456
\BOOKMARK [3][-]{subsubsection.B.7.1}{method}{subsection.B.7}% 457
\BOOKMARK [3][-]{subsubsection.B.7.2}{base port}{subsection.B.7}% 458
\BOOKMARK [3][-]{subsubsection.B.7.3}{maximum number of ports}{subsection.B.7}% 459
\BOOKMARK [3][-]{subsubsection.B.7.4}{proxies on}{subsection.B.7}% 460
\BOOKMARK [3][-]{subsubsection.B.7.5}{options}{subsection.B.7}% 461
\BOOKMARK [2][-]{subsection.B.8}{[monitor]}{appendix.B}% 462
\BOOKMARK [3][-]{subsubsection.B.8.1}{monitor}{subsection.B.8}% 463
\BOOKMARK [2][-]{subsection.B.9}{[hosts]}{appendix.B}% 464
\BOOKMARK [3][-]{subsubsection.B.9.1}{[[HOST]]}{subsection.B.9}% 465
\BOOKMARK [4][-]{paragraph.B.9.1.1}{run directory}{subsubsection.B.9.1}% 466
\BOOKMARK [4][-]{paragraph.B.9.1.2}{work directory}{subsubsection.B.9.1}% 467
\BOOKMARK [4][-]{paragraph.B.9.1.3}{task communication method}{subsubsection.B.9.1}% 468
\BOOKMARK [4][-]{paragraph.B.9.1.4}{execution polling intervals}{subsubsection.B.9.1}% 469
\BOOKMARK [4][-]{paragraph.B.9.1.5}{submission polling intervals}{subsubsection.B.9.1}% 470
\BOOKMARK [4][-]{paragraph.B.9.1.6}{scp command}{subsubsection.B.9.1}% 471
\BOOKMARK [4][-]{paragraph.B.9.1.7}{ssh command}{subsubsection.B.9.1}% 472
\BOOKMARK [4][-]{paragraph.B.9.1.8}{use login shell}{subsubsection.B.9.1}% 473
\BOOKMARK [4][-]{paragraph.B.9.1.9}{cylc executable}{subsubsection.B.9.1}% 474
\BOOKMARK [4][-]{paragraph.B.9.1.10}{global init-script}{subsubsection.B.9.1}% 475
\BOOKMARK [4][-]{paragraph.B.9.1.11}{copyable environment variables}{subsubsection.B.9.1}% 476
\BOOKMARK [4][-]{paragraph.B.9.1.12}{retrieve job logs}{subsubsection.B.9.1}% 477
\BOOKMARK [4][-]{paragraph.B.9.1.13}{retrieve job logs command}{subsubsection.B.9.1}% 478
\BOOKMARK [4][-]{paragraph.B.9.1.14}{retrieve job logs max size}{subsubsection.B.9.1}% 479
\BOOKMARK [4][-]{paragraph.B.9.1.15}{retrieve job logs retry delays}{subsubsection.B.9.1}% 480
\BOOKMARK [4][-]{paragraph.B.9.1.16}{task event handler retry delays}{subsubsection.B.9.1}% 481
\BOOKMARK [4][-]{paragraph.B.9.1.17}{tail command template}{subsubsection.B.9.1}% 482
\BOOKMARK [4][-]{paragraph.B.9.1.18}{[[[batch systems]]]}{subsubsection.B.9.1}% 483
\BOOKMARK [5][-]{subparagraph.B.9.1.18.1}{[[[[SYSTEM]]]]err tailer}{paragraph.B.9.1.18}% 484
\BOOKMARK [5][-]{subparagraph.B.9.1.18.2}{[[[[SYSTEM]]]]out tailer}{paragraph.B.9.1.18}% 485
\BOOKMARK [5][-]{subparagraph.B.9.1.18.3}{[[[[SYSTEM]]]]err viewer}{paragraph.B.9.1.18}% 486
\BOOKMARK [5][-]{subparagraph.B.9.1.18.4}{[[[[SYSTEM]]]]out viewer}{paragraph.B.9.1.18}% 487
\BOOKMARK [5][-]{subparagraph.B.9.1.18.5}{[[[[SYSTEM]]]]job name length maximum}{paragraph.B.9.1.18}% 488
\BOOKMARK [5][-]{subparagraph.B.9.1.18.6}{[[[[SYSTEM]]]]execution time limit polling intervals}{paragraph.B.9.1.18}% 489
\BOOKMARK [2][-]{subsection.B.10}{[suite servers] }{appendix.B}% 490
\BOOKMARK [3][-]{subsubsection.B.10.1}{run hosts}{subsection.B.10}% 491
\BOOKMARK [3][-]{subsubsection.B.10.2}{run hosts}{subsection.B.10}% 492
\BOOKMARK [3][-]{subsubsection.B.10.3}{run hosts}{subsection.B.10}% 493
\BOOKMARK [3][-]{subsubsection.B.10.4}{scan hosts}{subsection.B.10}% 494
\BOOKMARK [3][-]{subsubsection.B.10.5}{run ports}{subsection.B.10}% 495
\BOOKMARK [3][-]{subsubsection.B.10.6}{scan ports}{subsection.B.10}% 496
\BOOKMARK [3][-]{subsubsection.B.10.7}{run host select}{subsection.B.10}% 497
\BOOKMARK [4][-]{paragraph.B.10.7.1}{rank}{subsubsection.B.10.7}% 498
\BOOKMARK [4][-]{paragraph.B.10.7.2}{thresholds}{subsubsection.B.10.7}% 499
\BOOKMARK [2][-]{subsection.B.11}{[suite host self-identification] }{appendix.B}% 500
\BOOKMARK [3][-]{subsubsection.B.11.1}{method}{subsection.B.11}% 501
\BOOKMARK [3][-]{subsubsection.B.11.2}{target}{subsection.B.11}% 502
\BOOKMARK [3][-]{subsubsection.B.11.3}{host}{subsection.B.11}% 503
\BOOKMARK [2][-]{subsection.B.12}{[task events]}{appendix.B}% 504
\BOOKMARK [2][-]{subsection.B.13}{[test battery]}{appendix.B}% 505
\BOOKMARK [3][-]{subsubsection.B.13.1}{remote host with shared fs}{subsection.B.13}% 506
\BOOKMARK [3][-]{subsubsection.B.13.2}{remote host}{subsection.B.13}% 507
\BOOKMARK [3][-]{subsubsection.B.13.3}{remote owner}{subsection.B.13}% 508
\BOOKMARK [3][-]{subsubsection.B.13.4}{[[batch systems]]}{subsection.B.13}% 509
\BOOKMARK [4][-]{paragraph.B.13.4.1}{[[[SYSTEM]]]}{subsubsection.B.13.4}% 510
\BOOKMARK [5][-]{subparagraph.B.13.4.1.1}{host}{paragraph.B.13.4.1}% 511
\BOOKMARK [5][-]{subparagraph.B.13.4.1.2}{err viewer}{paragraph.B.13.4.1}% 512
\BOOKMARK [5][-]{subparagraph.B.13.4.1.3}{out viewer}{paragraph.B.13.4.1}% 513
\BOOKMARK [5][-]{subparagraph.B.13.4.1.4}{[[[[directives]]]]}{paragraph.B.13.4.1}% 514
\BOOKMARK [2][-]{subsection.B.14}{[cylc]}{appendix.B}% 515
\BOOKMARK [3][-]{subsubsection.B.14.1}{UTC mode}{subsection.B.14}% 516
\BOOKMARK [3][-]{subsubsection.B.14.2}{health check interval}{subsection.B.14}% 517
\BOOKMARK [3][-]{subsubsection.B.14.3}{task event mail interval}{subsection.B.14}% 518
\BOOKMARK [3][-]{subsubsection.B.14.4}{[events]}{subsection.B.14}% 519
\BOOKMARK [4][-]{paragraph.B.14.4.1}{handlers}{subsubsection.B.14.4}% 520
\BOOKMARK [4][-]{paragraph.B.14.4.2}{handler events}{subsubsection.B.14.4}% 521
\BOOKMARK [4][-]{paragraph.B.14.4.3}{startup handler}{subsubsection.B.14.4}% 522
\BOOKMARK [4][-]{paragraph.B.14.4.4}{shutdown handler}{subsubsection.B.14.4}% 523
\BOOKMARK [4][-]{paragraph.B.14.4.5}{mail events}{subsubsection.B.14.4}% 524
\BOOKMARK [4][-]{paragraph.B.14.4.6}{mail footer}{subsubsection.B.14.4}% 525
\BOOKMARK [4][-]{paragraph.B.14.4.7}{mail from}{subsubsection.B.14.4}% 526
\BOOKMARK [4][-]{paragraph.B.14.4.8}{mail smtp}{subsubsection.B.14.4}% 527
\BOOKMARK [4][-]{paragraph.B.14.4.9}{mail to}{subsubsection.B.14.4}% 528
\BOOKMARK [4][-]{paragraph.B.14.4.10}{timeout handler}{subsubsection.B.14.4}% 529
\BOOKMARK [4][-]{paragraph.B.14.4.11}{timeout}{subsubsection.B.14.4}% 530
\BOOKMARK [4][-]{paragraph.B.14.4.12}{abort on timeout}{subsubsection.B.14.4}% 531
\BOOKMARK [4][-]{paragraph.B.14.4.13}{stalled handler}{subsubsection.B.14.4}% 532
\BOOKMARK [4][-]{paragraph.B.14.4.14}{abort on stalled}{subsubsection.B.14.4}% 533
\BOOKMARK [4][-]{paragraph.B.14.4.15}{inactivity handler}{subsubsection.B.14.4}% 534
\BOOKMARK [4][-]{paragraph.B.14.4.16}{inactivity}{subsubsection.B.14.4}% 535
\BOOKMARK [4][-]{paragraph.B.14.4.17}{abort on inactivity}{subsubsection.B.14.4}% 536
\BOOKMARK [2][-]{subsection.B.15}{[authentication]}{appendix.B}% 537
\BOOKMARK [3][-]{subsubsection.B.15.1}{public}{subsection.B.15}% 538
\BOOKMARK [1][-]{appendix.C}{Gcylc GUI \(cylc gui\) Config File Reference}{}% 539
\BOOKMARK [2][-]{subsection.C.1}{Top Level Items}{appendix.C}% 540
\BOOKMARK [3][-]{subsubsection.C.1.1}{dot icon size}{subsection.C.1}% 541
\BOOKMARK [3][-]{subsubsection.C.1.2}{initial side-by-side views}{subsection.C.1}% 542
\BOOKMARK [3][-]{subsubsection.C.1.3}{initial views}{subsection.C.1}% 543
\BOOKMARK [3][-]{subsubsection.C.1.4}{maximum update interval}{subsection.C.1}% 544
\BOOKMARK [3][-]{subsubsection.C.1.5}{sort by definition order}{subsection.C.1}% 545
\BOOKMARK [3][-]{subsubsection.C.1.6}{sort column}{subsection.C.1}% 546
\BOOKMARK [3][-]{subsubsection.C.1.7}{sort column ascending}{subsection.C.1}% 547
\BOOKMARK [3][-]{subsubsection.C.1.8}{sub-graphs on}{subsection.C.1}% 548
\BOOKMARK [3][-]{subsubsection.C.1.9}{task filter highlight color}{subsection.C.1}% 549
\BOOKMARK [3][-]{subsubsection.C.1.10}{task states to filter out}{subsection.C.1}% 550
\BOOKMARK [3][-]{subsubsection.C.1.11}{transpose dot}{subsection.C.1}% 551
\BOOKMARK [3][-]{subsubsection.C.1.12}{transpose graph}{subsection.C.1}% 552
\BOOKMARK [3][-]{subsubsection.C.1.13}{ungrouped views}{subsection.C.1}% 553
\BOOKMARK [3][-]{subsubsection.C.1.14}{use theme}{subsection.C.1}% 554
\BOOKMARK [3][-]{subsubsection.C.1.15}{window size}{subsection.C.1}% 555
\BOOKMARK [2][-]{subsection.C.2}{[themes]}{appendix.C}% 556
\BOOKMARK [3][-]{subsubsection.C.2.1}{[THEME]}{subsection.C.2}% 557
\BOOKMARK [4][-]{paragraph.C.2.1.1}{inherit}{subsubsection.C.2.1}% 558
\BOOKMARK [4][-]{paragraph.C.2.1.2}{defaults}{subsubsection.C.2.1}% 559
\BOOKMARK [4][-]{paragraph.C.2.1.3}{STATE}{subsubsection.C.2.1}% 560
\BOOKMARK [1][-]{appendix.D}{Gscan GUI \(cylc gscan\) Config File Reference}{}% 561
\BOOKMARK [2][-]{subsection.D.1}{Top Level Items}{appendix.D}% 562
\BOOKMARK [3][-]{subsubsection.D.1.1}{activate on startup}{subsection.D.1}% 563
\BOOKMARK [3][-]{subsubsection.D.1.2}{columns}{subsection.D.1}% 564
\BOOKMARK [3][-]{subsubsection.D.1.3}{suite listing update interval}{subsection.D.1}% 565
\BOOKMARK [3][-]{subsubsection.D.1.4}{suite status update interval}{subsection.D.1}% 566
\BOOKMARK [3][-]{subsubsection.D.1.5}{window size}{subsection.D.1}% 567
\BOOKMARK [3][-]{subsubsection.D.1.6}{hide main menubar}{subsection.D.1}% 568
\BOOKMARK [1][-]{appendix.E}{Remote Job Management}{}% 569
\BOOKMARK [2][-]{subsection.E.1}{SSH-free Job Management?}{appendix.E}% 570
\BOOKMARK [2][-]{subsection.E.2}{SSH-based Job Management}{appendix.E}% 571
\BOOKMARK [2][-]{subsection.E.3}{A Concrete Example}{appendix.E}% 572
\BOOKMARK [3][-]{subsubsection.E.3.1}{create suite run directory and install source files}{subsection.E.3}% 573
\BOOKMARK [3][-]{subsubsection.E.3.2}{server installs service directory}{subsection.E.3}% 574
\BOOKMARK [3][-]{subsubsection.E.3.3}{server submits jobs}{subsection.E.3}% 575
\BOOKMARK [3][-]{subsubsection.E.3.4}{server tracks job progress}{subsection.E.3}% 576
\BOOKMARK [3][-]{subsubsection.E.3.5}{user views job logs}{subsection.E.3}% 577
\BOOKMARK [3][-]{subsubsection.E.3.6}{server cancels or kills jobs}{subsection.E.3}% 578
\BOOKMARK [3][-]{subsubsection.E.3.7}{server polls jobs}{subsection.E.3}% 579
\BOOKMARK [3][-]{subsubsection.E.3.8}{server retrieves jobs logs}{subsection.E.3}% 580
\BOOKMARK [3][-]{subsubsection.E.3.9}{server tidies job remote at shutdown}{subsection.E.3}% 581
\BOOKMARK [2][-]{subsection.E.4}{Other Use of SSH in Cylc}{appendix.E}% 582
\BOOKMARK [1][-]{appendix.F}{Command Reference}{}% 583
\BOOKMARK [2][-]{subsection.F.1}{Command Categories}{appendix.F}% 584
\BOOKMARK [3][-]{subsubsection.F.1.1}{admin}{subsection.F.1}% 585
\BOOKMARK [3][-]{subsubsection.F.1.2}{all}{subsection.F.1}% 586
\BOOKMARK [3][-]{subsubsection.F.1.3}{control}{subsection.F.1}% 587
\BOOKMARK [3][-]{subsubsection.F.1.4}{discovery}{subsection.F.1}% 588
\BOOKMARK [3][-]{subsubsection.F.1.5}{hook}{subsection.F.1}% 589
\BOOKMARK [3][-]{subsubsection.F.1.6}{information}{subsection.F.1}% 590
\BOOKMARK [3][-]{subsubsection.F.1.7}{license}{subsection.F.1}% 591
\BOOKMARK [3][-]{subsubsection.F.1.8}{preparation}{subsection.F.1}% 592
\BOOKMARK [3][-]{subsubsection.F.1.9}{task}{subsection.F.1}% 593
\BOOKMARK [3][-]{subsubsection.F.1.10}{utility}{subsection.F.1}% 594
\BOOKMARK [2][-]{subsection.F.2}{Commands}{appendix.F}% 595
\BOOKMARK [3][-]{subsubsection.F.2.1}{5to6}{subsection.F.2}% 596
\BOOKMARK [3][-]{subsubsection.F.2.2}{broadcast}{subsection.F.2}% 597
\BOOKMARK [3][-]{subsubsection.F.2.3}{cat-log}{subsection.F.2}% 598
\BOOKMARK [3][-]{subsubsection.F.2.4}{cat-state}{subsection.F.2}% 599
\BOOKMARK [3][-]{subsubsection.F.2.5}{check-software}{subsection.F.2}% 600
\BOOKMARK [3][-]{subsubsection.F.2.6}{check-triggering}{subsection.F.2}% 601
\BOOKMARK [3][-]{subsubsection.F.2.7}{check-versions}{subsection.F.2}% 602
\BOOKMARK [3][-]{subsubsection.F.2.8}{checkpoint}{subsection.F.2}% 603
\BOOKMARK [3][-]{subsubsection.F.2.9}{client}{subsection.F.2}% 604
\BOOKMARK [3][-]{subsubsection.F.2.10}{conditions}{subsection.F.2}% 605
\BOOKMARK [3][-]{subsubsection.F.2.11}{cycle-point}{subsection.F.2}% 606
\BOOKMARK [3][-]{subsubsection.F.2.12}{diff}{subsection.F.2}% 607
\BOOKMARK [3][-]{subsubsection.F.2.13}{documentation}{subsection.F.2}% 608
\BOOKMARK [3][-]{subsubsection.F.2.14}{dump}{subsection.F.2}% 609
\BOOKMARK [3][-]{subsubsection.F.2.15}{edit}{subsection.F.2}% 610
\BOOKMARK [3][-]{subsubsection.F.2.16}{email-suite}{subsection.F.2}% 611
\BOOKMARK [3][-]{subsubsection.F.2.17}{email-task}{subsection.F.2}% 612
\BOOKMARK [3][-]{subsubsection.F.2.18}{ext-trigger}{subsection.F.2}% 613
\BOOKMARK [3][-]{subsubsection.F.2.19}{function-run}{subsection.F.2}% 614
\BOOKMARK [3][-]{subsubsection.F.2.20}{get-directory}{subsection.F.2}% 615
\BOOKMARK [3][-]{subsubsection.F.2.21}{get-gui-config}{subsection.F.2}% 616
\BOOKMARK [3][-]{subsubsection.F.2.22}{get-host-metrics}{subsection.F.2}% 617
\BOOKMARK [3][-]{subsubsection.F.2.23}{get-site-config}{subsection.F.2}% 618
\BOOKMARK [3][-]{subsubsection.F.2.24}{get-suite-config}{subsection.F.2}% 619
\BOOKMARK [3][-]{subsubsection.F.2.25}{get-suite-contact}{subsection.F.2}% 620
\BOOKMARK [3][-]{subsubsection.F.2.26}{get-suite-version}{subsection.F.2}% 621
\BOOKMARK [3][-]{subsubsection.F.2.27}{gpanel}{subsection.F.2}% 622
\BOOKMARK [3][-]{subsubsection.F.2.28}{graph}{subsection.F.2}% 623
\BOOKMARK [3][-]{subsubsection.F.2.29}{graph-diff}{subsection.F.2}% 624
\BOOKMARK [3][-]{subsubsection.F.2.30}{gscan}{subsection.F.2}% 625
\BOOKMARK [3][-]{subsubsection.F.2.31}{gui}{subsection.F.2}% 626
\BOOKMARK [3][-]{subsubsection.F.2.32}{hold}{subsection.F.2}% 627
\BOOKMARK [3][-]{subsubsection.F.2.33}{import-examples}{subsection.F.2}% 628
\BOOKMARK [3][-]{subsubsection.F.2.34}{insert}{subsection.F.2}% 629
\BOOKMARK [3][-]{subsubsection.F.2.35}{jobs-kill}{subsection.F.2}% 630
\BOOKMARK [3][-]{subsubsection.F.2.36}{jobs-poll}{subsection.F.2}% 631
\BOOKMARK [3][-]{subsubsection.F.2.37}{jobs-submit}{subsection.F.2}% 632
\BOOKMARK [3][-]{subsubsection.F.2.38}{jobscript}{subsection.F.2}% 633
\BOOKMARK [3][-]{subsubsection.F.2.39}{kill}{subsection.F.2}% 634
\BOOKMARK [3][-]{subsubsection.F.2.40}{list}{subsection.F.2}% 635
\BOOKMARK [3][-]{subsubsection.F.2.41}{ls-checkpoints}{subsection.F.2}% 636
\BOOKMARK [3][-]{subsubsection.F.2.42}{message}{subsection.F.2}% 637
\BOOKMARK [3][-]{subsubsection.F.2.43}{monitor}{subsection.F.2}% 638
\BOOKMARK [3][-]{subsubsection.F.2.44}{nudge}{subsection.F.2}% 639
\BOOKMARK [3][-]{subsubsection.F.2.45}{ping}{subsection.F.2}% 640
\BOOKMARK [3][-]{subsubsection.F.2.46}{poll}{subsection.F.2}% 641
\BOOKMARK [3][-]{subsubsection.F.2.47}{print}{subsection.F.2}% 642
\BOOKMARK [3][-]{subsubsection.F.2.48}{profile-battery}{subsection.F.2}% 643
\BOOKMARK [3][-]{subsubsection.F.2.49}{register}{subsection.F.2}% 644
\BOOKMARK [3][-]{subsubsection.F.2.50}{release}{subsection.F.2}% 645
\BOOKMARK [3][-]{subsubsection.F.2.51}{reload}{subsection.F.2}% 646
\BOOKMARK [3][-]{subsubsection.F.2.52}{remote-init}{subsection.F.2}% 647
\BOOKMARK [3][-]{subsubsection.F.2.53}{remote-tidy}{subsection.F.2}% 648
\BOOKMARK [3][-]{subsubsection.F.2.54}{remove}{subsection.F.2}% 649
\BOOKMARK [3][-]{subsubsection.F.2.55}{report-timings}{subsection.F.2}% 650
\BOOKMARK [3][-]{subsubsection.F.2.56}{reset}{subsection.F.2}% 651
\BOOKMARK [3][-]{subsubsection.F.2.57}{restart}{subsection.F.2}% 652
\BOOKMARK [3][-]{subsubsection.F.2.58}{review}{subsection.F.2}% 653
\BOOKMARK [3][-]{subsubsection.F.2.59}{run}{subsection.F.2}% 654
\BOOKMARK [3][-]{subsubsection.F.2.60}{scan}{subsection.F.2}% 655
\BOOKMARK [3][-]{subsubsection.F.2.61}{scp-transfer}{subsection.F.2}% 656
\BOOKMARK [3][-]{subsubsection.F.2.62}{search}{subsection.F.2}% 657
\BOOKMARK [3][-]{subsubsection.F.2.63}{set-verbosity}{subsection.F.2}% 658
\BOOKMARK [3][-]{subsubsection.F.2.64}{show}{subsection.F.2}% 659
\BOOKMARK [3][-]{subsubsection.F.2.65}{spawn}{subsection.F.2}% 660
\BOOKMARK [3][-]{subsubsection.F.2.66}{stop}{subsection.F.2}% 661
\BOOKMARK [3][-]{subsubsection.F.2.67}{submit}{subsection.F.2}% 662
\BOOKMARK [3][-]{subsubsection.F.2.68}{suite-state}{subsection.F.2}% 663
\BOOKMARK [3][-]{subsubsection.F.2.69}{test-battery}{subsection.F.2}% 664
\BOOKMARK [3][-]{subsubsection.F.2.70}{trigger}{subsection.F.2}% 665
\BOOKMARK [3][-]{subsubsection.F.2.71}{upgrade-run-dir}{subsection.F.2}% 666
\BOOKMARK [3][-]{subsubsection.F.2.72}{validate}{subsection.F.2}% 667
\BOOKMARK [3][-]{subsubsection.F.2.73}{view}{subsection.F.2}% 668
\BOOKMARK [3][-]{subsubsection.F.2.74}{warranty}{subsection.F.2}% 669
\BOOKMARK [1][-]{appendix.G}{The gcylc Graph View}{}% 670
\BOOKMARK [1][-]{appendix.H}{Cylc README File}{}% 671
\BOOKMARK [1][-]{appendix.I}{Cylc INSTALL File}{}% 672
\BOOKMARK [1][-]{appendix.J}{Cylc Development History - Major Changes}{}% 673
\BOOKMARK [1][-]{appendix.K}{Communication Method}{}% 674
\BOOKMARK [1][-]{appendix.L}{Cylc 6 Migration Reference}{}% 675
\BOOKMARK [2][-]{subsection.L.1}{Timeouts and Delays}{appendix.L}% 676
\BOOKMARK [2][-]{subsection.L.2}{Runahead Limit}{appendix.L}% 677
\BOOKMARK [2][-]{subsection.L.3}{Cycle Time/Cycle Point}{appendix.L}% 678
\BOOKMARK [2][-]{subsection.L.4}{Cycling}{appendix.L}% 679
\BOOKMARK [2][-]{subsection.L.5}{No Implicit Creation of Tasks by Offset Triggers}{appendix.L}% 680
\BOOKMARK [1][-]{appendix.M}{Known Issues}{}% 681
\BOOKMARK [2][-]{subsection.M.1}{Current Known Issues}{appendix.M}% 682
\BOOKMARK [2][-]{subsection.M.2}{Notable Known Issues}{appendix.M}% 683
\BOOKMARK [3][-]{subsubsection.M.2.1}{Use of pipes in job scripts}{subsection.M.2}% 684
\BOOKMARK [1][-]{appendix.N}{GNU GENERAL PUBLIC LICENSE v3.0}{}% 685
